<?xml version="1.0" encoding="utf-8"?><testsuites name="pytest tests"><testsuite name="pytest" errors="0" failures="0" skipped="0" tests="30" time="0.225" timestamp="2026-01-09T08:00:44.117662+00:00" hostname="agent-env-83bf43b6-658a-437d-9216-71ca8e8c50a7"><testcase classname="tests.test_validation_logic.TestArtikelValidierung" name="test_validate_artikel_endpoint_exists" time="0.007" /><testcase classname="tests.test_validation_logic.TestArtikelValidierung" name="test_artikel_gefahrgut_leergut_kombination_error" time="0.002" /><testcase classname="tests.test_validation_logic.TestArtikelValidierung" name="test_artikel_gefahrgut_dienstleistung_kombination_error" time="0.002" /><testcase classname="tests.test_validation_logic.TestArtikelValidierung" name="test_artikel_produkt_dienstleistung_kombination_error" time="0.002" /><testcase classname="tests.test_validation_logic.TestArtikelValidierung" name="test_artikel_einheit_divisor_gleich_muss_1_sein" time="0.002" /><testcase classname="tests.test_validation_logic.TestArtikelValidierung" name="test_artikel_einheit_divisor_ungleich_darf_nicht_1_sein" time="0.002" /><testcase classname="tests.test_validation_logic.TestArtikelValidierung" name="test_artikel_produkt_mit_avv_code_error" time="0.002" /><testcase classname="tests.test_validation_logic.TestArtikelValidierung" name="test_artikel_rohstoff_ohne_zolltarifnummer_warning" time="0.002" /><testcase classname="tests.test_validation_logic.TestArtikelValidierung" name="test_artikel_valid_configuration" time="0.002" /><testcase classname="tests.test_validation_logic.TestKontraktValidierung" name="test_validate_kontrakt_endpoint_exists" time="0.004" /><testcase classname="tests.test_validation_logic.TestKontraktValidierung" name="test_kontrakt_name1_pflichtfeld_error" time="0.002" /><testcase classname="tests.test_validation_logic.TestKontraktValidierung" name="test_kontrakt_gueltig_bis_vor_von_error" time="0.002" /><testcase classname="tests.test_validation_logic.TestKontraktValidierung" name="test_kontrakt_valid_configuration" time="0.002" /><testcase classname="tests.test_validation_logic.TestFuhreValidierung" name="test_validate_fuhre_endpoint_exists" time="0.004" /><testcase classname="tests.test_validation_logic.TestFuhreValidierung" name="test_fuhre_pflichtfelder_error" time="0.002" /><testcase classname="tests.test_validation_logic.TestFuhreValidierung" name="test_fuhre_anlieferung_vor_abholung_error" time="0.012" /><testcase classname="tests.test_validation_logic.TestFuhreValidierung" name="test_fuhre_mengenabweichung_warning" time="0.002" /><testcase classname="tests.test_validation_logic.TestFuhreValidierung" name="test_fuhre_rohstoff_ohne_avv_error" time="0.004" /><testcase classname="tests.test_validation_logic.TestFuhreStatusWorkflow" name="test_status_offen_to_in_transport_allowed" time="0.015" /><testcase classname="tests.test_validation_logic.TestFuhreStatusWorkflow" name="test_status_in_transport_to_geliefert_allowed" time="0.003" /><testcase classname="tests.test_validation_logic.TestFuhreStatusWorkflow" name="test_status_geliefert_to_abgerechnet_allowed" time="0.003" /><testcase classname="tests.test_validation_logic.TestFuhreStatusWorkflow" name="test_status_abgerechnet_to_offen_not_allowed" time="0.002" /><testcase classname="tests.test_validation_logic.TestSkipValidationParameter" name="test_artikel_create_with_skip_validation" time="0.007" /><testcase classname="tests.test_validation_logic.TestSkipValidationParameter" name="test_artikel_create_without_skip_validation_fails" time="0.002" /><testcase classname="tests.test_validation_logic.TestSkipValidationParameter" name="test_artikel_update_with_skip_validation" time="0.008" /><testcase classname="tests.test_validation_logic.TestSkipValidationParameter" name="test_fuhre_create_with_skip_validation" time="0.011" /><testcase classname="tests.test_validation_logic.TestValidationIntegrationInCRUD" name="test_artikel_create_validates_by_default" time="0.004" /><testcase classname="tests.test_validation_logic.TestValidationIntegrationInCRUD" name="test_artikel_update_validates_by_default" time="0.006" /><testcase classname="tests.test_validation_logic.TestValidationIntegrationInCRUD" name="test_fuhre_create_validates_by_default" time="0.003" /><testcase classname="tests.test_validation_logic.TestValidationIntegrationInCRUD" name="test_fuhre_update_validates_status_transition" time="0.012" /></testsuite></testsuites>