<?xml version="1.0" encoding="utf-8"?><testsuites name="pytest tests"><testsuite name="pytest" errors="0" failures="0" skipped="0" tests="27" time="0.831" timestamp="2026-01-11T13:23:11.321761+00:00" hostname="agent-env-a989dafb-b9d7-432f-a745-fc7eae6f40df"><testcase classname="tests.test_system_apis.TestApiConfigList" name="test_list_apis_as_admin" time="0.014" /><testcase classname="tests.test_system_apis.TestApiConfigList" name="test_list_apis_as_non_admin" time="0.007" /><testcase classname="tests.test_system_apis.TestApiConfigList" name="test_list_apis_unauthorized" time="0.003" /><testcase classname="tests.test_system_apis.TestApiConfigList" name="test_list_apis_with_search" time="0.006" /><testcase classname="tests.test_system_apis.TestApiConfigList" name="test_list_apis_filter_active" time="0.004" /><testcase classname="tests.test_system_apis.TestApiConfigCreate" name="test_create_api_config_minimal" time="0.022" /><testcase classname="tests.test_system_apis.TestApiConfigCreate" name="test_create_api_config_full" time="0.124" /><testcase classname="tests.test_system_apis.TestApiConfigCreate" name="test_create_api_config_invalid_url" time="0.005" /><testcase classname="tests.test_system_apis.TestApiConfigCreate" name="test_create_api_config_duplicate_name" time="0.014" /><testcase classname="tests.test_system_apis.TestApiConfigCreate" name="test_create_api_config_as_non_admin" time="0.004" /><testcase classname="tests.test_system_apis.TestApiConfigGetSingle" name="test_get_api_config_by_id" time="0.134" /><testcase classname="tests.test_system_apis.TestApiConfigGetSingle" name="test_get_api_config_credentials_masked" time="0.131" /><testcase classname="tests.test_system_apis.TestApiConfigGetSingle" name="test_get_api_config_not_found" time="0.006" /><testcase classname="tests.test_system_apis.TestApiConfigGetSingle" name="test_get_api_config_as_non_admin" time="0.070" /><testcase classname="tests.test_system_apis.TestApiConfigUpdate" name="test_update_api_config_description" time="0.017" /><testcase classname="tests.test_system_apis.TestApiConfigUpdate" name="test_update_api_config_deactivate" time="0.018" /><testcase classname="tests.test_system_apis.TestApiConfigUpdate" name="test_update_api_config_not_found" time="0.004" /><testcase classname="tests.test_system_apis.TestApiConfigUpdate" name="test_update_api_config_as_non_admin" time="0.012" /><testcase classname="tests.test_system_apis.TestApiConfigDelete" name="test_delete_api_config" time="0.012" /><testcase classname="tests.test_system_apis.TestApiConfigDelete" name="test_delete_api_config_not_found" time="0.004" /><testcase classname="tests.test_system_apis.TestApiConfigDelete" name="test_delete_api_config_as_non_admin" time="0.010" /><testcase classname="tests.test_system_apis.TestReferenceTables" name="test_list_reference_tables_as_admin" time="0.004" /><testcase classname="tests.test_system_apis.TestReferenceTables" name="test_list_reference_tables_as_non_admin" time="0.002" /><testcase classname="tests.test_system_apis.TestReferenceTables" name="test_list_reference_tables_with_search" time="0.005" /><testcase classname="tests.test_system_apis.TestApiSyncLogs" name="test_get_sync_logs" time="0.013" /><testcase classname="tests.test_system_apis.TestApiSyncLogs" name="test_get_sync_logs_with_limit" time="0.012" /><testcase classname="tests.test_system_apis.TestApiConfigIntegration" name="test_full_crud_workflow" time="0.020" /></testsuite></testsuites>