<?xml version="1.0" encoding="utf-8"?><testsuites name="pytest tests"><testsuite name="pytest" errors="0" failures="2" skipped="0" tests="20" time="0.270" timestamp="2026-01-11T11:20:04.142150+00:00" hostname="agent-env-b1147273-c94a-44ec-915a-69e9de719e7b"><testcase classname="tests.test_berechtigungen_system.TestAuthLogin" name="test_admin_login_success" time="0.005" /><testcase classname="tests.test_berechtigungen_system.TestAuthLogin" name="test_waage_login_success" time="0.003" /><testcase classname="tests.test_berechtigungen_system.TestWaageUserDeniedEndpoints" name="test_waage_denied_fuhren_read" time="0.005" /><testcase classname="tests.test_berechtigungen_system.TestWaageUserDeniedEndpoints" name="test_waage_denied_kontrakte_read" time="0.004" /><testcase classname="tests.test_berechtigungen_system.TestWaageUserDeniedEndpoints" name="test_waage_denied_rechnungen_read" time="0.005" /><testcase classname="tests.test_berechtigungen_system.TestWaageUserDeniedEndpoints" name="test_waage_denied_kreditversicherung_read" time="0.004"><failure message="AssertionError: Expected 403 for kreditversicherung, got 404: {&quot;detail&quot;:&quot;Not Found&quot;}&#10;assert 404 == 403&#10; +  where 404 = &lt;Response [404]&gt;.status_code">tests/test_berechtigungen_system.py:89: in test_waage_denied_kreditversicherung_read
    assert response.status_code == 403, f"Expected 403 for kreditversicherung, got {response.status_code}: {response.text}"
E   AssertionError: Expected 403 for kreditversicherung, got 404: {"detail":"Not Found"}
E   assert 404 == 403
E    +  where 404 = &lt;Response [404]&gt;.status_code</failure></testcase><testcase classname="tests.test_berechtigungen_system.TestWaageUserReadOnlyEndpoints" name="test_waage_can_read_artikel" time="0.008" /><testcase classname="tests.test_berechtigungen_system.TestWaageUserReadOnlyEndpoints" name="test_waage_can_read_adressen" time="0.008" /><testcase classname="tests.test_berechtigungen_system.TestWaageUserReadOnlyEndpoints" name="test_waage_denied_artikel_write" time="0.005" /><testcase classname="tests.test_berechtigungen_system.TestWaageUserReadOnlyEndpoints" name="test_waage_denied_adressen_write" time="0.005" /><testcase classname="tests.test_berechtigungen_system.TestWaageUserFullAccessEndpoints" name="test_waage_can_read_wiegekarten" time="0.008" /><testcase classname="tests.test_berechtigungen_system.TestAdminUserFullAccess" name="test_admin_can_read_fuhren" time="0.011" /><testcase classname="tests.test_berechtigungen_system.TestAdminUserFullAccess" name="test_admin_can_read_kontrakte" time="0.010" /><testcase classname="tests.test_berechtigungen_system.TestAdminUserFullAccess" name="test_admin_can_read_rechnungen" time="0.012" /><testcase classname="tests.test_berechtigungen_system.TestAdminUserFullAccess" name="test_admin_can_read_kreditversicherung" time="0.004"><failure message="AssertionError: Expected 200 for kreditversicherung, got 404: {&quot;detail&quot;:&quot;Not Found&quot;}&#10;assert 404 == 200&#10; +  where 404 = &lt;Response [404]&gt;.status_code">tests/test_berechtigungen_system.py:172: in test_admin_can_read_kreditversicherung
    assert response.status_code == 200, f"Expected 200 for kreditversicherung, got {response.status_code}: {response.text}"
E   AssertionError: Expected 200 for kreditversicherung, got 404: {"detail":"Not Found"}
E   assert 404 == 200
E    +  where 404 = &lt;Response [404]&gt;.status_code</failure></testcase><testcase classname="tests.test_berechtigungen_system.TestAdminUserFullAccess" name="test_admin_can_read_artikel" time="0.006" /><testcase classname="tests.test_berechtigungen_system.TestAdminUserFullAccess" name="test_admin_can_read_adressen" time="0.007" /><testcase classname="tests.test_berechtigungen_system.TestAdminUserFullAccess" name="test_admin_can_read_wiegekarten" time="0.007" /><testcase classname="tests.test_berechtigungen_system.TestWaageUserPermissionsEndpoint" name="test_waage_meine_berechtigungen" time="0.005" /><testcase classname="tests.test_berechtigungen_system.TestAdminUserPermissionsEndpoint" name="test_admin_meine_berechtigungen" time="0.004" /></testsuite></testsuites>