<?xml version="1.0" encoding="utf-8"?><testsuites name="pytest tests"><testsuite name="pytest" errors="0" failures="1" skipped="0" tests="23" time="0.202" timestamp="2026-01-09T16:39:35.746562+00:00" hostname="agent-env-31f9f5f4-297e-4add-a85e-faffc0e5eee2"><testcase classname="tests.test_admin_benutzer_rollen.TestAdminAuth" name="test_login_success" time="0.004" /><testcase classname="tests.test_admin_benutzer_rollen.TestAdminAuth" name="test_login_invalid_credentials" time="0.002" /><testcase classname="tests.test_admin_benutzer_rollen.TestRollenEndpoints" name="test_get_rollen_list" time="0.008" /><testcase classname="tests.test_admin_benutzer_rollen.TestRollenEndpoints" name="test_create_rolle" time="0.003" /><testcase classname="tests.test_admin_benutzer_rollen.TestRollenEndpoints" name="test_create_duplicate_rolle_fails" time="0.003" /><testcase classname="tests.test_admin_benutzer_rollen.TestRollenEndpoints" name="test_delete_system_rolle_fails" time="0.007" /><testcase classname="tests.test_admin_benutzer_rollen.TestRollenEndpoints" name="test_delete_created_rolle" time="0.004" /><testcase classname="tests.test_admin_benutzer_rollen.TestAbteilungenEndpoints" name="test_get_abteilungen_list" time="0.008" /><testcase classname="tests.test_admin_benutzer_rollen.TestAbteilungenEndpoints" name="test_create_abteilung" time="0.002" /><testcase classname="tests.test_admin_benutzer_rollen.TestAbteilungenEndpoints" name="test_update_abteilung" time="0.003" /><testcase classname="tests.test_admin_benutzer_rollen.TestAbteilungenEndpoints" name="test_delete_abteilung" time="0.003" /><testcase classname="tests.test_admin_benutzer_rollen.TestBenutzerEndpoints" name="test_get_benutzer_list" time="0.005" /><testcase classname="tests.test_admin_benutzer_rollen.TestBenutzerEndpoints" name="test_create_benutzer" time="0.003" /><testcase classname="tests.test_admin_benutzer_rollen.TestBenutzerEndpoints" name="test_create_duplicate_username_fails" time="0.003" /><testcase classname="tests.test_admin_benutzer_rollen.TestBenutzerEndpoints" name="test_update_benutzer" time="0.007" /><testcase classname="tests.test_admin_benutzer_rollen.TestBenutzerEndpoints" name="test_passwort_reset" time="0.003" /><testcase classname="tests.test_admin_benutzer_rollen.TestBenutzerEndpoints" name="test_delete_benutzer" time="0.003" /><testcase classname="tests.test_admin_benutzer_rollen.TestBerechtigungenEndpoints" name="test_get_berechtigungen_matrix" time="0.006" /><testcase classname="tests.test_admin_benutzer_rollen.TestBerechtigungenEndpoints" name="test_get_meine_berechtigungen" time="0.003" /><testcase classname="tests.test_admin_benutzer_rollen.TestBerechtigungenEndpoints" name="test_create_berechtigung" time="0.008" /><testcase classname="tests.test_admin_benutzer_rollen.TestBerechtigungenEndpoints" name="test_invalid_berechtigung_level_fails" time="0.006" /><testcase classname="tests.test_admin_benutzer_rollen.TestAdminAccessControl" name="test_unauthenticated_access_fails" time="0.001" /><testcase classname="tests.test_admin_benutzer_rollen.TestAdminAccessControl" name="test_create_non_admin_user_and_test_access" time="0.008"><failure message="assert 401 == 403&#10; +  where 401 = &lt;Response [401]&gt;.status_code">tests/test_admin_benutzer_rollen.py:542: in test_create_non_admin_user_and_test_access
    assert response.status_code == 403
E   assert 401 == 403
E    +  where 401 = &lt;Response [401]&gt;.status_code</failure></testcase></testsuite></testsuites>