<?xml version="1.0" encoding="utf-8"?><testsuites name="pytest tests"><testsuite name="pytest" errors="0" failures="0" skipped="0" tests="23" time="0.168" timestamp="2026-01-09T16:45:28.012661+00:00" hostname="agent-env-31f9f5f4-297e-4add-a85e-faffc0e5eee2"><testcase classname="tests.test_admin_benutzer_rollen.TestAdminAuth" name="test_login_success" time="0.006" /><testcase classname="tests.test_admin_benutzer_rollen.TestAdminAuth" name="test_login_invalid_credentials" time="0.002" /><testcase classname="tests.test_admin_benutzer_rollen.TestRollenEndpoints" name="test_get_rollen_list" time="0.009" /><testcase classname="tests.test_admin_benutzer_rollen.TestRollenEndpoints" name="test_create_rolle" time="0.004" /><testcase classname="tests.test_admin_benutzer_rollen.TestRollenEndpoints" name="test_create_duplicate_rolle_fails" time="0.003" /><testcase classname="tests.test_admin_benutzer_rollen.TestRollenEndpoints" name="test_delete_system_rolle_fails" time="0.008" /><testcase classname="tests.test_admin_benutzer_rollen.TestRollenEndpoints" name="test_delete_created_rolle" time="0.004" /><testcase classname="tests.test_admin_benutzer_rollen.TestAbteilungenEndpoints" name="test_get_abteilungen_list" time="0.007" /><testcase classname="tests.test_admin_benutzer_rollen.TestAbteilungenEndpoints" name="test_create_abteilung" time="0.003" /><testcase classname="tests.test_admin_benutzer_rollen.TestAbteilungenEndpoints" name="test_update_abteilung" time="0.003" /><testcase classname="tests.test_admin_benutzer_rollen.TestAbteilungenEndpoints" name="test_delete_abteilung" time="0.004" /><testcase classname="tests.test_admin_benutzer_rollen.TestBenutzerEndpoints" name="test_get_benutzer_list" time="0.006" /><testcase classname="tests.test_admin_benutzer_rollen.TestBenutzerEndpoints" name="test_create_benutzer" time="0.006" /><testcase classname="tests.test_admin_benutzer_rollen.TestBenutzerEndpoints" name="test_create_duplicate_username_fails" time="0.003" /><testcase classname="tests.test_admin_benutzer_rollen.TestBenutzerEndpoints" name="test_update_benutzer" time="0.006" /><testcase classname="tests.test_admin_benutzer_rollen.TestBenutzerEndpoints" name="test_passwort_reset" time="0.003" /><testcase classname="tests.test_admin_benutzer_rollen.TestBenutzerEndpoints" name="test_delete_benutzer" time="0.004" /><testcase classname="tests.test_admin_benutzer_rollen.TestBerechtigungenEndpoints" name="test_get_berechtigungen_matrix" time="0.006" /><testcase classname="tests.test_admin_benutzer_rollen.TestBerechtigungenEndpoints" name="test_get_meine_berechtigungen" time="0.003" /><testcase classname="tests.test_admin_benutzer_rollen.TestBerechtigungenEndpoints" name="test_create_berechtigung" time="0.008" /><testcase classname="tests.test_admin_benutzer_rollen.TestBerechtigungenEndpoints" name="test_invalid_berechtigung_level_fails" time="0.006" /><testcase classname="tests.test_admin_benutzer_rollen.TestAdminAccessControl" name="test_unauthenticated_access_fails" time="0.001" /><testcase classname="tests.test_admin_benutzer_rollen.TestAdminAccessControl" name="test_create_non_admin_user_and_test_access" time="0.012" /></testsuite></testsuites>