<?xml version="1.0" encoding="utf-8"?><testsuites name="pytest tests"><testsuite name="pytest" errors="0" failures="0" skipped="0" tests="20" time="1.196" timestamp="2026-01-12T11:15:27.139467+00:00" hostname="agent-env-3b49577f-9150-47f8-9ed8-4d6bf34a98d8"><testcase classname="tests.test_nummernkreise_kontrakte.TestNummernkreiseAPI" name="test_get_nummernkreise_list" time="0.050" /><testcase classname="tests.test_nummernkreise_kontrakte.TestNummernkreiseAPI" name="test_get_nummernkreise_filtered_by_modul" time="0.044" /><testcase classname="tests.test_nummernkreise_kontrakte.TestNummernkreiseAPI" name="test_initialize_default_nummernkreise" time="0.045" /><testcase classname="tests.test_nummernkreise_kontrakte.TestNummernkreiseAPI" name="test_get_naechste_nummer_preview" time="0.045" /><testcase classname="tests.test_nummernkreise_kontrakte.TestNummernkreiseAPI" name="test_get_naechste_nummer_vk" time="0.044" /><testcase classname="tests.test_nummernkreise_kontrakte.TestNummernkreiseAPI" name="test_get_single_nummernkreis" time="0.088" /><testcase classname="tests.test_nummernkreise_kontrakte.TestNummernkreiseAPI" name="test_update_nummernkreis" time="0.133" /><testcase classname="tests.test_nummernkreise_kontrakte.TestBenutzerLookupAPI" name="test_get_benutzer_lookup" time="0.045" /><testcase classname="tests.test_nummernkreise_kontrakte.TestBenutzerLookupAPI" name="test_benutzer_lookup_has_required_fields" time="0.043" /><testcase classname="tests.test_nummernkreise_kontrakte.TestBenutzerLookupAPI" name="test_benutzer_lookup_with_waage_user" time="0.047" /><testcase classname="tests.test_nummernkreise_kontrakte.TestAdressenLookupAPI" name="test_get_adressen_lookup" time="0.005" /><testcase classname="tests.test_nummernkreise_kontrakte.TestAdressenLookupAPI" name="test_adressen_lookup_with_search" time="0.008" /><testcase classname="tests.test_nummernkreise_kontrakte.TestAdressenLookupAPI" name="test_adressen_lookup_has_required_fields" time="0.004" /><testcase classname="tests.test_nummernkreise_kontrakte.TestAdressenLookupAPI" name="test_adressen_lookup_includes_ansprechpartner" time="0.005" /><testcase classname="tests.test_nummernkreise_kontrakte.TestKontraktWithNummernkreis" name="test_create_ek_kontrakt_auto_nummer" time="0.089" /><testcase classname="tests.test_nummernkreise_kontrakte.TestKontraktWithNummernkreis" name="test_create_vk_kontrakt_auto_nummer" time="0.088" /><testcase classname="tests.test_nummernkreise_kontrakte.TestKontraktWithNummernkreis" name="test_create_kontrakt_with_sachbearbeiter" time="0.132" /><testcase classname="tests.test_nummernkreise_kontrakte.TestKontraktWithNummernkreis" name="test_create_kontrakt_with_vertragspartner" time="0.094" /><testcase classname="tests.test_nummernkreise_kontrakte.TestKontrakteAPI" name="test_get_kontrakte_list" time="0.047" /><testcase classname="tests.test_nummernkreise_kontrakte.TestKontrakteAPI" name="test_get_kontrakte_filtered_by_typ" time="0.046" /></testsuite></testsuites>