<?xml version="1.0" encoding="utf-8"?><testsuites name="pytest tests"><testsuite name="pytest" errors="0" failures="0" skipped="14" tests="14" time="0.123" timestamp="2026-01-09T15:23:50.335313+00:00" hostname="agent-env-ab7d9e52-8678-4964-8456-a7f4fe28eded"><testcase classname="tests.test_kreditversicherung.TestKreditversicherungAPI" name="test_01_get_kreditversicherungen_empty_or_list" time="0.006"><skipped type="pytest.skip" message="No token received from login">/app/tests/test_kreditversicherung.py:73: No token received from login</skipped></testcase><testcase classname="tests.test_kreditversicherung.TestKreditversicherungAPI" name="test_02_create_kreditversicherung" time="0.003"><skipped type="pytest.skip" message="No token received from login">/app/tests/test_kreditversicherung.py:85: No token received from login</skipped></testcase><testcase classname="tests.test_kreditversicherung.TestKreditversicherungAPI" name="test_03_get_single_kreditversicherung" time="0.003"><skipped type="pytest.skip" message="No token received from login">/app/tests/test_kreditversicherung.py:115: No token received from login</skipped></testcase><testcase classname="tests.test_kreditversicherung.TestKreditversicherungAPI" name="test_04_update_kreditversicherung" time="0.003"><skipped type="pytest.skip" message="No token received from login">/app/tests/test_kreditversicherung.py:131: No token received from login</skipped></testcase><testcase classname="tests.test_kreditversicherung.TestKreditversicherungAPI" name="test_05_get_nonexistent_kreditversicherung" time="0.003"><skipped type="pytest.skip" message="No token received from login">/app/tests/test_kreditversicherung.py:158: No token received from login</skipped></testcase><testcase classname="tests.test_kreditversicherung.TestKreditversicherungAPI" name="test_06_add_position_to_kreditversicherung" time="0.003"><skipped type="pytest.skip" message="No token received from login">/app/tests/test_kreditversicherung.py:169: No token received from login</skipped></testcase><testcase classname="tests.test_kreditversicherung.TestKreditversicherungAPI" name="test_07_get_positionen" time="0.003"><skipped type="pytest.skip" message="No token received from login">/app/tests/test_kreditversicherung.py:201: No token received from login</skipped></testcase><testcase classname="tests.test_kreditversicherung.TestKreditversicherungAPI" name="test_08_add_adresse_to_kreditversicherung" time="0.003"><skipped type="pytest.skip" message="No token received from login">/app/tests/test_kreditversicherung.py:237: No token received from login</skipped></testcase><testcase classname="tests.test_kreditversicherung.TestKreditversicherungAPI" name="test_09_get_kv_adressen" time="0.003"><skipped type="pytest.skip" message="No token received from login">/app/tests/test_kreditversicherung.py:263: No token received from login</skipped></testcase><testcase classname="tests.test_kreditversicherung.TestKreditversicherungAPI" name="test_10_get_adresse_kreditlimits" time="0.003"><skipped type="pytest.skip" message="No token received from login">/app/tests/test_kreditversicherung.py:285: No token received from login</skipped></testcase><testcase classname="tests.test_kreditversicherung.TestKreditversicherungAPI" name="test_11_get_adresse_kreditstatus" time="0.003"><skipped type="pytest.skip" message="No token received from login">/app/tests/test_kreditversicherung.py:317: No token received from login</skipped></testcase><testcase classname="tests.test_kreditversicherung.TestKreditversicherungAPI" name="test_12_kreditpruefung" time="0.003"><skipped type="pytest.skip" message="No token received from login">/app/tests/test_kreditversicherung.py:358: No token received from login</skipped></testcase><testcase classname="tests.test_kreditversicherung.TestKreditversicherungAPI" name="test_13_kreditpruefung_ueberschreitung" time="0.003"><skipped type="pytest.skip" message="No token received from login">/app/tests/test_kreditversicherung.py:399: No token received from login</skipped></testcase><testcase classname="tests.test_kreditversicherung.TestKreditversicherungAPI" name="test_14_delete_kreditversicherung" time="0.003"><skipped type="pytest.skip" message="No token received from login">/app/tests/test_kreditversicherung.py:441: No token received from login</skipped></testcase></testsuite></testsuites>