<?xml version="1.0" encoding="utf-8"?><testsuites name="pytest tests"><testsuite name="pytest" errors="0" failures="1" skipped="0" tests="14" time="2.784" timestamp="2026-01-09T15:55:32.858908+00:00" hostname="agent-env-31f9f5f4-297e-4add-a85e-faffc0e5eee2"><testcase classname="tests.test_kreditversicherung_new.TestKreditversicherungNewStructure" name="test_01_list_kreditversicherungen_with_auslastung" time="0.049" /><testcase classname="tests.test_kreditversicherung_new.TestKreditversicherungNewStructure" name="test_02_create_hauptvertrag_with_gesamtlimit" time="0.088" /><testcase classname="tests.test_kreditversicherung_new.TestKreditversicherungNewStructure" name="test_03_get_single_kreditversicherung_with_calculated_fields" time="0.131" /><testcase classname="tests.test_kreditversicherung_new.TestKreditversicherungNewStructure" name="test_04_update_hauptvertrag" time="0.174" /><testcase classname="tests.test_kreditversicherung_new.TestKreditversicherungNewStructure" name="test_05_add_kundenposition" time="0.176" /><testcase classname="tests.test_kreditversicherung_new.TestKreditversicherungNewStructure" name="test_06_verify_auslastung_calculation" time="0.219" /><testcase classname="tests.test_kreditversicherung_new.TestKreditversicherungNewStructure" name="test_07_update_kundenposition" time="0.278" /><testcase classname="tests.test_kreditversicherung_new.TestKreditversicherungNewStructure" name="test_08_delete_kundenposition" time="0.273" /><testcase classname="tests.test_kreditversicherung_new.TestKreditversicherungNewStructure" name="test_09_duplicate_adresse_rejected" time="0.219" /><testcase classname="tests.test_kreditversicherung_new.TestKreditversicherungNewStructure" name="test_10_get_adresse_kreditlimits" time="0.219" /><testcase classname="tests.test_kreditversicherung_new.TestKreditversicherungNewStructure" name="test_11_get_adresse_kreditstatus" time="0.222" /><testcase classname="tests.test_kreditversicherung_new.TestKreditversicherungNewStructure" name="test_12_kreditpruefung_within_limit" time="0.224" /><testcase classname="tests.test_kreditversicherung_new.TestKreditversicherungNewStructure" name="test_13_kreditpruefung_exceeding_limit" time="0.221"><failure message="AssertionError: assert 'ok' == 'ueberschritten'&#10;  &#10;  - ueberschritten&#10;  + ok">tests/test_kreditversicherung_new.py:465: in test_13_kreditpruefung_exceeding_limit
    assert pruefung["status"] == "ueberschritten"
E   AssertionError: assert 'ok' == 'ueberschritten'
E     
E     - ueberschritten
E     + ok</failure></testcase><testcase classname="tests.test_kreditversicherung_new.TestKreditversicherungNewStructure" name="test_14_soft_delete_kreditversicherung" time="0.132" /></testsuite></testsuites>