<?xml version="1.0" encoding="utf-8"?><testsuites name="pytest tests"><testsuite name="pytest" errors="0" failures="0" skipped="0" tests="14" time="2.763" timestamp="2026-01-09T15:24:08.204467+00:00" hostname="agent-env-ab7d9e52-8678-4964-8456-a7f4fe28eded"><testcase classname="tests.test_kreditversicherung.TestKreditversicherungAPI" name="test_01_get_kreditversicherungen_empty_or_list" time="0.049" /><testcase classname="tests.test_kreditversicherung.TestKreditversicherungAPI" name="test_02_create_kreditversicherung" time="0.091" /><testcase classname="tests.test_kreditversicherung.TestKreditversicherungAPI" name="test_03_get_single_kreditversicherung" time="0.135" /><testcase classname="tests.test_kreditversicherung.TestKreditversicherungAPI" name="test_04_update_kreditversicherung" time="0.181" /><testcase classname="tests.test_kreditversicherung.TestKreditversicherungAPI" name="test_05_get_nonexistent_kreditversicherung" time="0.046" /><testcase classname="tests.test_kreditversicherung.TestKreditversicherungAPI" name="test_06_add_position_to_kreditversicherung" time="0.134" /><testcase classname="tests.test_kreditversicherung.TestKreditversicherungAPI" name="test_07_get_positionen" time="0.177" /><testcase classname="tests.test_kreditversicherung.TestKreditversicherungAPI" name="test_08_add_adresse_to_kreditversicherung" time="0.223" /><testcase classname="tests.test_kreditversicherung.TestKreditversicherungAPI" name="test_09_get_kv_adressen" time="0.266" /><testcase classname="tests.test_kreditversicherung.TestKreditversicherungAPI" name="test_10_get_adresse_kreditlimits" time="0.311" /><testcase classname="tests.test_kreditversicherung.TestKreditversicherungAPI" name="test_11_get_adresse_kreditstatus" time="0.309" /><testcase classname="tests.test_kreditversicherung.TestKreditversicherungAPI" name="test_12_kreditpruefung" time="0.311" /><testcase classname="tests.test_kreditversicherung.TestKreditversicherungAPI" name="test_13_kreditpruefung_ueberschreitung" time="0.310" /><testcase classname="tests.test_kreditversicherung.TestKreditversicherungAPI" name="test_14_delete_kreditversicherung" time="0.133" /></testsuite></testsuites>