<?xml version="1.0" encoding="utf-8"?><testsuites name="pytest tests"><testsuite name="pytest" errors="0" failures="7" skipped="0" tests="20" time="0.874" timestamp="2026-01-12T11:13:57.240462+00:00" hostname="agent-env-3b49577f-9150-47f8-9ed8-4d6bf34a98d8"><testcase classname="tests.test_nummernkreise_kontrakte.TestNummernkreiseAPI" name="test_get_nummernkreise_list" time="0.051" /><testcase classname="tests.test_nummernkreise_kontrakte.TestNummernkreiseAPI" name="test_get_nummernkreise_filtered_by_modul" time="0.045" /><testcase classname="tests.test_nummernkreise_kontrakte.TestNummernkreiseAPI" name="test_initialize_default_nummernkreise" time="0.045" /><testcase classname="tests.test_nummernkreise_kontrakte.TestNummernkreiseAPI" name="test_get_naechste_nummer_preview" time="0.046"><failure message="AssertionError: Expected EKK prefix, got EK202600001&#10;assert False&#10; +  where False = &lt;built-in method startswith of str object at 0xf9d1a5d19db0&gt;('EKK')&#10; +    where &lt;built-in method startswith of str object at 0xf9d1a5d19db0&gt; = 'EK202600001'.startswith">tests/test_nummernkreise_kontrakte.py:139: in test_get_naechste_nummer_preview
    assert nummer.startswith("EKK"), f"Expected EKK prefix, got {nummer}"
E   AssertionError: Expected EKK prefix, got EK202600001
E   assert False
E    +  where False = &lt;built-in method startswith of str object at 0xf9d1a5d19db0&gt;('EKK')
E    +    where &lt;built-in method startswith of str object at 0xf9d1a5d19db0&gt; = 'EK202600001'.startswith</failure></testcase><testcase classname="tests.test_nummernkreise_kontrakte.TestNummernkreiseAPI" name="test_get_naechste_nummer_vk" time="0.045" /><testcase classname="tests.test_nummernkreise_kontrakte.TestNummernkreiseAPI" name="test_get_single_nummernkreis" time="0.089" /><testcase classname="tests.test_nummernkreise_kontrakte.TestNummernkreiseAPI" name="test_update_nummernkreis" time="0.133" /><testcase classname="tests.test_nummernkreise_kontrakte.TestBenutzerLookupAPI" name="test_get_benutzer_lookup" time="0.046" /><testcase classname="tests.test_nummernkreise_kontrakte.TestBenutzerLookupAPI" name="test_benutzer_lookup_has_required_fields" time="0.048" /><testcase classname="tests.test_nummernkreise_kontrakte.TestBenutzerLookupAPI" name="test_benutzer_lookup_with_waage_user" time="0.053"><failure message="AssertionError: Expected 200, got 403: {&quot;detail&quot;:&quot;Keine Berechtigung für Modul 'kontrakte'&quot;}&#10;assert 403 == 200&#10; +  where 403 = &lt;Response [403]&gt;.status_code">tests/test_nummernkreise_kontrakte.py:264: in test_benutzer_lookup_with_waage_user
    assert response.status_code == 200, f"Expected 200, got {response.status_code}: {response.text}"
E   AssertionError: Expected 200, got 403: {"detail":"Keine Berechtigung für Modul 'kontrakte'"}
E   assert 403 == 200
E    +  where 403 = &lt;Response [403]&gt;.status_code</failure></testcase><testcase classname="tests.test_nummernkreise_kontrakte.TestAdressenLookupAPI" name="test_get_adressen_lookup" time="0.007" /><testcase classname="tests.test_nummernkreise_kontrakte.TestAdressenLookupAPI" name="test_adressen_lookup_with_search" time="0.011" /><testcase classname="tests.test_nummernkreise_kontrakte.TestAdressenLookupAPI" name="test_adressen_lookup_has_required_fields" time="0.005" /><testcase classname="tests.test_nummernkreise_kontrakte.TestAdressenLookupAPI" name="test_adressen_lookup_includes_ansprechpartner" time="0.006"><failure message="assert False&#10; +  where False = isinstance(None, list)">tests/test_nummernkreise_kontrakte.py:357: in test_adressen_lookup_includes_ansprechpartner
    assert isinstance(addr["ansprechpartner"], list)
E   assert False
E    +  where False = isinstance(None, list)</failure></testcase><testcase classname="tests.test_nummernkreise_kontrakte.TestKontraktWithNummernkreis" name="test_create_ek_kontrakt_auto_nummer" time="0.009"><failure message="AssertionError: Expected 200, got 500: Internal Server Error&#10;assert 500 == 200&#10; +  where 500 = &lt;Response [500]&gt;.status_code">tests/test_nummernkreise_kontrakte.py:381: in test_create_ek_kontrakt_auto_nummer
    assert response.status_code == 200, f"Expected 200, got {response.status_code}: {response.text}"
E   AssertionError: Expected 200, got 500: Internal Server Error
E   assert 500 == 200
E    +  where 500 = &lt;Response [500]&gt;.status_code</failure></testcase><testcase classname="tests.test_nummernkreise_kontrakte.TestKontraktWithNummernkreis" name="test_create_vk_kontrakt_auto_nummer" time="0.004"><failure message="AssertionError: Expected 200, got 500: Internal Server Error&#10;assert 500 == 200&#10; +  where 500 = &lt;Response [500]&gt;.status_code">tests/test_nummernkreise_kontrakte.py:409: in test_create_vk_kontrakt_auto_nummer
    assert response.status_code == 200, f"Expected 200, got {response.status_code}: {response.text}"
E   AssertionError: Expected 200, got 500: Internal Server Error
E   assert 500 == 200
E    +  where 500 = &lt;Response [500]&gt;.status_code</failure></testcase><testcase classname="tests.test_nummernkreise_kontrakte.TestKontraktWithNummernkreis" name="test_create_kontrakt_with_sachbearbeiter" time="0.007"><failure message="AssertionError: Expected 200, got 500: Internal Server Error&#10;assert 500 == 200&#10; +  where 500 = &lt;Response [500]&gt;.status_code">tests/test_nummernkreise_kontrakte.py:448: in test_create_kontrakt_with_sachbearbeiter
    assert response.status_code == 200, f"Expected 200, got {response.status_code}: {response.text}"
E   AssertionError: Expected 200, got 500: Internal Server Error
E   assert 500 == 200
E    +  where 500 = &lt;Response [500]&gt;.status_code</failure></testcase><testcase classname="tests.test_nummernkreise_kontrakte.TestKontraktWithNummernkreis" name="test_create_kontrakt_with_vertragspartner" time="0.009"><failure message="AssertionError: Expected 200, got 500: Internal Server Error&#10;assert 500 == 200&#10; +  where 500 = &lt;Response [500]&gt;.status_code">tests/test_nummernkreise_kontrakte.py:492: in test_create_kontrakt_with_vertragspartner
    assert response.status_code == 200, f"Expected 200, got {response.status_code}: {response.text}"
E   AssertionError: Expected 200, got 500: Internal Server Error
E   assert 500 == 200
E    +  where 500 = &lt;Response [500]&gt;.status_code</failure></testcase><testcase classname="tests.test_nummernkreise_kontrakte.TestKontrakteAPI" name="test_get_kontrakte_list" time="0.006" /><testcase classname="tests.test_nummernkreise_kontrakte.TestKontrakteAPI" name="test_get_kontrakte_filtered_by_typ" time="0.045" /></testsuite></testsuites>