<?xml version="1.0" encoding="utf-8"?><testsuites name="pytest tests"><testsuite name="pytest" errors="0" failures="0" skipped="0" tests="20" time="0.192" timestamp="2026-01-11T11:20:26.911038+00:00" hostname="agent-env-b1147273-c94a-44ec-915a-69e9de719e7b"><testcase classname="tests.test_berechtigungen_system.TestAuthLogin" name="test_admin_login_success" time="0.005" /><testcase classname="tests.test_berechtigungen_system.TestAuthLogin" name="test_waage_login_success" time="0.003" /><testcase classname="tests.test_berechtigungen_system.TestWaageUserDeniedEndpoints" name="test_waage_denied_fuhren_read" time="0.005" /><testcase classname="tests.test_berechtigungen_system.TestWaageUserDeniedEndpoints" name="test_waage_denied_kontrakte_read" time="0.006" /><testcase classname="tests.test_berechtigungen_system.TestWaageUserDeniedEndpoints" name="test_waage_denied_rechnungen_read" time="0.006" /><testcase classname="tests.test_berechtigungen_system.TestWaageUserDeniedEndpoints" name="test_waage_denied_kreditversicherungen_read" time="0.007" /><testcase classname="tests.test_berechtigungen_system.TestWaageUserReadOnlyEndpoints" name="test_waage_can_read_artikel" time="0.008" /><testcase classname="tests.test_berechtigungen_system.TestWaageUserReadOnlyEndpoints" name="test_waage_can_read_adressen" time="0.009" /><testcase classname="tests.test_berechtigungen_system.TestWaageUserReadOnlyEndpoints" name="test_waage_denied_artikel_write" time="0.005" /><testcase classname="tests.test_berechtigungen_system.TestWaageUserReadOnlyEndpoints" name="test_waage_denied_adressen_write" time="0.005" /><testcase classname="tests.test_berechtigungen_system.TestWaageUserFullAccessEndpoints" name="test_waage_can_read_wiegekarten" time="0.008" /><testcase classname="tests.test_berechtigungen_system.TestAdminUserFullAccess" name="test_admin_can_read_fuhren" time="0.006" /><testcase classname="tests.test_berechtigungen_system.TestAdminUserFullAccess" name="test_admin_can_read_kontrakte" time="0.006" /><testcase classname="tests.test_berechtigungen_system.TestAdminUserFullAccess" name="test_admin_can_read_rechnungen" time="0.006" /><testcase classname="tests.test_berechtigungen_system.TestAdminUserFullAccess" name="test_admin_can_read_kreditversicherungen" time="0.011" /><testcase classname="tests.test_berechtigungen_system.TestAdminUserFullAccess" name="test_admin_can_read_artikel" time="0.006" /><testcase classname="tests.test_berechtigungen_system.TestAdminUserFullAccess" name="test_admin_can_read_adressen" time="0.008" /><testcase classname="tests.test_berechtigungen_system.TestAdminUserFullAccess" name="test_admin_can_read_wiegekarten" time="0.007" /><testcase classname="tests.test_berechtigungen_system.TestWaageUserPermissionsEndpoint" name="test_waage_meine_berechtigungen" time="0.005" /><testcase classname="tests.test_berechtigungen_system.TestAdminUserPermissionsEndpoint" name="test_admin_meine_berechtigungen" time="0.004" /></testsuite></testsuites>