<?xml version="1.0" encoding="utf-8"?><testsuites name="pytest tests"><testsuite name="pytest" errors="0" failures="0" skipped="13" tests="13" time="0.220" timestamp="2026-01-12T23:37:30.488388+00:00" hostname="agent-env-17bbfe8c-8b7e-4914-b2b8-40a09258280e"><testcase classname="tests.test_streckengeschaeft.TestStreckengeschaeftAPI" name="test_01_create_streckengeschaeft" time="0.085"><skipped type="pytest.skip" message="Authentication failed: 404 - 404 page not found">/app/tests/test_streckengeschaeft.py:57: Authentication failed: 404 - 404 page not found</skipped></testcase><testcase classname="tests.test_streckengeschaeft.TestStreckengeschaeftAPI" name="test_02_get_streckengeschaefte_list" time="0.000"><skipped type="pytest.skip" message="Authentication failed: 404 - 404 page not found">/app/tests/test_streckengeschaeft.py:124: Authentication failed: 404 - 404 page not found</skipped></testcase><testcase classname="tests.test_streckengeschaeft.TestStreckengeschaeftAPI" name="test_03_get_kontrakte_with_strecken_filter" time="0.000"><skipped type="pytest.skip" message="Authentication failed: 404 - 404 page not found">/app/tests/test_streckengeschaeft.py:145: Authentication failed: 404 - 404 page not found</skipped></testcase><testcase classname="tests.test_streckengeschaeft.TestStreckengeschaeftAPI" name="test_04_get_kontrakt_with_strecken_partner" time="0.000"><skipped type="pytest.skip" message="Authentication failed: 404 - 404 page not found">/app/tests/test_streckengeschaeft.py:162: Authentication failed: 404 - 404 page not found</skipped></testcase><testcase classname="tests.test_streckengeschaeft.TestStreckengeschaeftAPI" name="test_05_strecke_aufloesen" time="0.000"><skipped type="pytest.skip" message="Authentication failed: 404 - 404 page not found">/app/tests/test_streckengeschaeft.py:180: Authentication failed: 404 - 404 page not found</skipped></testcase><testcase classname="tests.test_streckengeschaeft.TestStreckenVerknuepfung" name="test_01_create_ek_kontrakt_for_linking" time="0.000"><skipped type="pytest.skip" message="Authentication failed: 404 - 404 page not found">/app/tests/test_streckengeschaeft.py:210: Authentication failed: 404 - 404 page not found</skipped></testcase><testcase classname="tests.test_streckengeschaeft.TestStreckenVerknuepfung" name="test_02_create_vk_kontrakt_for_linking" time="0.000"><skipped type="pytest.skip" message="Authentication failed: 404 - 404 page not found">/app/tests/test_streckengeschaeft.py:231: Authentication failed: 404 - 404 page not found</skipped></testcase><testcase classname="tests.test_streckengeschaeft.TestStreckenVerknuepfung" name="test_03_verknuepfe_kontrakte_zu_strecke" time="0.000"><skipped type="pytest.skip" message="Authentication failed: 404 - 404 page not found">/app/tests/test_streckengeschaeft.py:252: Authentication failed: 404 - 404 page not found</skipped></testcase><testcase classname="tests.test_streckengeschaeft.TestStreckenVerknuepfung" name="test_04_cannot_link_already_linked_kontrakt" time="0.000"><skipped type="pytest.skip" message="Authentication failed: 404 - 404 page not found">/app/tests/test_streckengeschaeft.py:287: Authentication failed: 404 - 404 page not found</skipped></testcase><testcase classname="tests.test_streckengeschaeft.TestStreckenVerknuepfung" name="test_05_cleanup_linked_strecke" time="0.000"><skipped type="pytest.skip" message="Authentication failed: 404 - 404 page not found">/app/tests/test_streckengeschaeft.py:322: Authentication failed: 404 - 404 page not found</skipped></testcase><testcase classname="tests.test_streckengeschaeft.TestStreckengeschaeftValidation" name="test_01_cannot_create_strecke_with_same_partner" time="0.000"><skipped type="pytest.skip" message="Authentication failed: 404 - 404 page not found">/app/tests/test_streckengeschaeft.py:332: Authentication failed: 404 - 404 page not found</skipped></testcase><testcase classname="tests.test_streckengeschaeft.TestStreckengeschaeftValidation" name="test_02_strecke_aufloesen_not_found" time="0.000"><skipped type="pytest.skip" message="Authentication failed: 404 - 404 page not found">/app/tests/test_streckengeschaeft.py:360: Authentication failed: 404 - 404 page not found</skipped></testcase><testcase classname="tests.test_streckengeschaeft.TestKontrakteListWithStrecken" name="test_01_kontrakte_list_shows_strecken_partner" time="0.000"><skipped type="pytest.skip" message="Authentication failed: 404 - 404 page not found">/app/tests/test_streckengeschaeft.py:372: Authentication failed: 404 - 404 page not found</skipped></testcase></testsuite></testsuites>