<?xml version="1.0" encoding="utf-8"?><testsuites name="pytest tests"><testsuite name="pytest" errors="0" failures="2" skipped="0" tests="13" time="0.374" timestamp="2026-01-11T14:32:57.234318+00:00" hostname="agent-env-9b8d6f4d-0390-4d0b-be9b-c2f99eea0712"><testcase classname="tests.test_file_upload_import.TestFileAnalyze" name="test_analyze_csv_file" time="0.042"><failure message="AssertionError: assert 'number' == 'string'&#10;  &#10;  - string&#10;  + number">tests/test_file_upload_import.py:105: in test_analyze_csv_file
    assert columns_by_name["code"]["detected_type"] == "string"
E   AssertionError: assert 'number' == 'string'
E     
E     - string
E     + number</failure></testcase><testcase classname="tests.test_file_upload_import.TestFileAnalyze" name="test_analyze_csv_mixed_types" time="0.005" /><testcase classname="tests.test_file_upload_import.TestFileAnalyze" name="test_analyze_csv_non_admin_denied" time="0.004" /><testcase classname="tests.test_file_upload_import.TestFileAnalyze" name="test_analyze_invalid_file_type" time="0.002" /><testcase classname="tests.test_file_upload_import.TestFileAnalyze" name="test_analyze_empty_file" time="0.002" /><testcase classname="tests.test_file_upload_import.TestFileImport" name="test_import_with_merge_strategy" time="0.070" /><testcase classname="tests.test_file_upload_import.TestFileImport" name="test_import_with_replace_strategy" time="0.023" /><testcase classname="tests.test_file_upload_import.TestFileImport" name="test_import_with_append_strategy" time="0.021" /><testcase classname="tests.test_file_upload_import.TestFileImport" name="test_import_data_type_conversion" time="0.015"><failure message="assert None is not None">tests/test_file_upload_import.py:397: in test_import_data_type_conversion
    assert kupfer is not None
E   assert None is not None</failure></testcase><testcase classname="tests.test_file_upload_import.TestFileImport" name="test_import_non_admin_denied" time="0.006" /><testcase classname="tests.test_file_upload_import.TestFileImport" name="test_import_missing_table_name" time="0.006" /><testcase classname="tests.test_file_upload_import.TestReferenceTableSourceType" name="test_file_upload_sets_source_type" time="0.014" /><testcase classname="tests.test_file_upload_import.TestExistingReferenceTable" name="test_existing_metallpreise_table" time="0.006" /></testsuite></testsuites>