<?xml version="1.0" encoding="utf-8"?><testsuites name="pytest tests"><testsuite name="pytest" errors="0" failures="0" skipped="0" tests="16" time="3.873" timestamp="2026-01-08T23:21:40.941220+00:00" hostname="agent-env-a81e18cf-cf76-455f-8713-84467ee80dfe"><testcase classname="tests.test_ustid_validation.TestUstIdValidation" name="test_validate_ustid_endpoint_exists" time="0.544" /><testcase classname="tests.test_ustid_validation.TestUstIdValidation" name="test_validate_ustid_with_invalid_ustid" time="0.390" /><testcase classname="tests.test_ustid_validation.TestUstIdValidation" name="test_validate_ustid_with_german_format" time="0.401" /><testcase classname="tests.test_ustid_validation.TestUstIdValidation" name="test_validate_ustid_with_austrian_format" time="0.388" /><testcase classname="tests.test_ustid_validation.TestUstIdValidation" name="test_validate_ustid_missing_fields" time="0.012" /><testcase classname="tests.test_ustid_validation.TestUstIdValidation" name="test_validate_ustid_without_auth" time="0.010" /><testcase classname="tests.test_ustid_validation.TestUstIdProtokoll" name="test_get_protokoll_endpoint_exists" time="0.011" /><testcase classname="tests.test_ustid_validation.TestUstIdProtokoll" name="test_protokoll_after_validation" time="0.389" /><testcase classname="tests.test_ustid_validation.TestUstIdProtokoll" name="test_protokoll_contains_required_fields" time="0.398" /><testcase classname="tests.test_ustid_validation.TestUstIdProtokoll" name="test_protokoll_sorted_by_date" time="1.163" /><testcase classname="tests.test_ustid_validation.TestUstIdProtokoll" name="test_protokoll_without_auth" time="0.011" /><testcase classname="tests.test_ustid_validation.TestUstIdProtokoll" name="test_protokoll_for_nonexistent_address" time="0.012" /><testcase classname="tests.test_ustid_validation.TestAdresseSaveAfterSchemaFix" name="test_create_address_with_minimal_data" time="0.009" /><testcase classname="tests.test_ustid_validation.TestAdresseSaveAfterSchemaFix" name="test_create_address_with_null_fields" time="0.006" /><testcase classname="tests.test_ustid_validation.TestAdresseSaveAfterSchemaFix" name="test_update_address_with_partial_data" time="0.009" /><testcase classname="tests.test_ustid_validation.TestAdresseSaveAfterSchemaFix" name="test_save_address_with_ustid" time="0.006" /></testsuite></testsuites>