<?xml version="1.0" encoding="utf-8"?><testsuites name="pytest tests"><testsuite name="pytest" errors="0" failures="0" skipped="0" tests="17" time="0.974" timestamp="2026-01-08T22:04:30.499913+00:00" hostname="agent-env-32a6b6ff-78a9-414c-99d6-836f0977d3f5"><testcase classname="tests.test_adresse_validierung.TestLaenderEndpoint" name="test_laender_returns_30_countries" time="0.120" /><testcase classname="tests.test_adresse_validierung.TestFirmaInlandValidierung" name="test_firma_inland_ohne_ustid_fehler" time="0.040" /><testcase classname="tests.test_adresse_validierung.TestFirmaInlandValidierung" name="test_firma_inland_mit_ustid_ok" time="0.041" /><testcase classname="tests.test_adresse_validierung.TestFirmaInlandValidierung" name="test_firma_inland_ohne_ustid_mit_sonderschalter_und_steuernummer_ok" time="0.038" /><testcase classname="tests.test_adresse_validierung.TestFirmaEUValidierung" name="test_firma_eu_ohne_ustid_fehler" time="0.039" /><testcase classname="tests.test_adresse_validierung.TestFirmaEUValidierung" name="test_firma_eu_mit_ustid_ok" time="0.039" /><testcase classname="tests.test_adresse_validierung.TestPrivatValidierung" name="test_privat_ausland_ohne_ausweis_fehler" time="0.038" /><testcase classname="tests.test_adresse_validierung.TestPrivatValidierung" name="test_privat_ausland_mit_ausweis_ok" time="0.047" /><testcase classname="tests.test_adresse_validierung.TestPrivatValidierung" name="test_privat_inland_ohne_ausweis_oder_steuernummer_fehler" time="0.040" /><testcase classname="tests.test_adresse_validierung.TestPrivatValidierung" name="test_privat_inland_mit_steuernummer_ok" time="0.040" /><testcase classname="tests.test_adresse_validierung.TestAdresseErstellenMitValidierung" name="test_create_adresse_with_validation_error_rejected" time="0.080" /><testcase classname="tests.test_adresse_validierung.TestAdresseErstellenMitValidierung" name="test_create_adresse_with_valid_data_ok" time="0.041" /><testcase classname="tests.test_adresse_validierung.TestAdresseErstellenMitValidierung" name="test_create_adresse_skip_validation" time="0.044" /><testcase classname="tests.test_adresse_validierung.TestSonderschalterValidierung" name="test_beide_sonderschalter_gleichzeitig_fehler" time="0.037" /><testcase classname="tests.test_adresse_validierung.TestSonderschalterValidierung" name="test_sonderschalter_nur_inland_warnung" time="0.078" /><testcase classname="tests.test_adresse_validierung.TestUSTIDValidierung" name="test_ustid_teilweise_ausgefuellt_fehler" time="0.041" /><testcase classname="tests.test_adresse_validierung.TestUSTIDValidierung" name="test_ustid_lkz_stimmt_nicht_mit_land_fehler" time="0.038" /></testsuite></testsuites>