<?xml version="1.0" encoding="utf-8"?><testsuites name="pytest tests"><testsuite name="pytest" errors="0" failures="0" skipped="24" tests="24" time="0.223" timestamp="2026-01-09T00:23:36.875738+00:00" hostname="agent-env-83bf43b6-658a-437d-9216-71ca8e8c50a7"><testcase classname="tests.test_artikel_kontrakte.TestArtikelCRUD" name="test_get_artikel_list" time="0.086"><skipped type="pytest.skip" message="Authentication failed - skipping authenticated tests">/app/tests/test_artikel_kontrakte.py:46: Authentication failed - skipping authenticated tests</skipped></testcase><testcase classname="tests.test_artikel_kontrakte.TestArtikelCRUD" name="test_create_artikel_basic" time="0.000"><skipped type="pytest.skip" message="Authentication failed - skipping authenticated tests">/app/tests/test_artikel_kontrakte.py:59: Authentication failed - skipping authenticated tests</skipped></testcase><testcase classname="tests.test_artikel_kontrakte.TestArtikelCRUD" name="test_create_artikel_with_all_fields" time="0.000"><skipped type="pytest.skip" message="Authentication failed - skipping authenticated tests">/app/tests/test_artikel_kontrakte.py:85: Authentication failed - skipping authenticated tests</skipped></testcase><testcase classname="tests.test_artikel_kontrakte.TestArtikelCRUD" name="test_get_artikel_by_id" time="0.000"><skipped type="pytest.skip" message="Authentication failed - skipping authenticated tests">/app/tests/test_artikel_kontrakte.py:154: Authentication failed - skipping authenticated tests</skipped></testcase><testcase classname="tests.test_artikel_kontrakte.TestArtikelCRUD" name="test_update_artikel" time="0.000"><skipped type="pytest.skip" message="Authentication failed - skipping authenticated tests">/app/tests/test_artikel_kontrakte.py:181: Authentication failed - skipping authenticated tests</skipped></testcase><testcase classname="tests.test_artikel_kontrakte.TestArtikelCRUD" name="test_delete_artikel_soft_delete" time="0.000"><skipped type="pytest.skip" message="Authentication failed - skipping authenticated tests">/app/tests/test_artikel_kontrakte.py:223: Authentication failed - skipping authenticated tests</skipped></testcase><testcase classname="tests.test_artikel_kontrakte.TestArtikelCRUD" name="test_search_artikel" time="0.000"><skipped type="pytest.skip" message="Authentication failed - skipping authenticated tests">/app/tests/test_artikel_kontrakte.py:255: Authentication failed - skipping authenticated tests</skipped></testcase><testcase classname="tests.test_artikel_kontrakte.TestArtikelCRUD" name="test_artikel_gefahrgut_flag" time="0.000"><skipped type="pytest.skip" message="Authentication failed - skipping authenticated tests">/app/tests/test_artikel_kontrakte.py:267: Authentication failed - skipping authenticated tests</skipped></testcase><testcase classname="tests.test_artikel_kontrakte.TestKontrakteCRUD" name="test_get_kontrakte_list" time="0.000"><skipped type="pytest.skip" message="Authentication failed - skipping authenticated tests">/app/tests/test_artikel_kontrakte.py:294: Authentication failed - skipping authenticated tests</skipped></testcase><testcase classname="tests.test_artikel_kontrakte.TestKontrakteCRUD" name="test_create_einkaufskontrakt_new_schema" time="0.000"><skipped type="pytest.skip" message="Authentication failed - skipping authenticated tests">/app/tests/test_artikel_kontrakte.py:307: Authentication failed - skipping authenticated tests</skipped></testcase><testcase classname="tests.test_artikel_kontrakte.TestKontrakteCRUD" name="test_create_verkaufskontrakt_new_schema" time="0.000"><skipped type="pytest.skip" message="Authentication failed - skipping authenticated tests">/app/tests/test_artikel_kontrakte.py:343: Authentication failed - skipping authenticated tests</skipped></testcase><testcase classname="tests.test_artikel_kontrakte.TestKontrakteCRUD" name="test_create_kontrakt_with_all_fields" time="0.000"><skipped type="pytest.skip" message="Authentication failed - skipping authenticated tests">/app/tests/test_artikel_kontrakte.py:371: Authentication failed - skipping authenticated tests</skipped></testcase><testcase classname="tests.test_artikel_kontrakte.TestKontrakteCRUD" name="test_get_kontrakt_by_id" time="0.000"><skipped type="pytest.skip" message="Authentication failed - skipping authenticated tests">/app/tests/test_artikel_kontrakte.py:424: Authentication failed - skipping authenticated tests</skipped></testcase><testcase classname="tests.test_artikel_kontrakte.TestKontrakteCRUD" name="test_update_kontrakt" time="0.000"><skipped type="pytest.skip" message="Authentication failed - skipping authenticated tests">/app/tests/test_artikel_kontrakte.py:451: Authentication failed - skipping authenticated tests</skipped></testcase><testcase classname="tests.test_artikel_kontrakte.TestKontrakteCRUD" name="test_delete_kontrakt_soft_delete" time="0.000"><skipped type="pytest.skip" message="Authentication failed - skipping authenticated tests">/app/tests/test_artikel_kontrakte.py:495: Authentication failed - skipping authenticated tests</skipped></testcase><testcase classname="tests.test_artikel_kontrakte.TestKontrakteCRUD" name="test_filter_kontrakte_by_type_ek" time="0.000"><skipped type="pytest.skip" message="Authentication failed - skipping authenticated tests">/app/tests/test_artikel_kontrakte.py:529: Authentication failed - skipping authenticated tests</skipped></testcase><testcase classname="tests.test_artikel_kontrakte.TestKontrakteCRUD" name="test_filter_kontrakte_by_type_vk" time="0.000"><skipped type="pytest.skip" message="Authentication failed - skipping authenticated tests">/app/tests/test_artikel_kontrakte.py:544: Authentication failed - skipping authenticated tests</skipped></testcase><testcase classname="tests.test_artikel_kontrakte.TestKontrakteCRUD" name="test_add_position_to_kontrakt" time="0.000"><skipped type="pytest.skip" message="Authentication failed - skipping authenticated tests">/app/tests/test_artikel_kontrakte.py:559: Authentication failed - skipping authenticated tests</skipped></testcase><testcase classname="tests.test_artikel_kontrakte.TestKontrakteCRUD" name="test_kontrakt_status_transitions" time="0.000"><skipped type="pytest.skip" message="Authentication failed - skipping authenticated tests">/app/tests/test_artikel_kontrakte.py:592: Authentication failed - skipping authenticated tests</skipped></testcase><testcase classname="tests.test_artikel_kontrakte.TestArtikelKontrakteIntegration" name="test_create_artikel_then_use_in_kontrakt_position" time="0.000"><skipped type="pytest.skip" message="Authentication failed - skipping authenticated tests">/app/tests/test_artikel_kontrakte.py:636: Authentication failed - skipping authenticated tests</skipped></testcase><testcase classname="tests.test_artikel_kontrakte.TestErrorHandling" name="test_get_nonexistent_artikel" time="0.000"><skipped type="pytest.skip" message="Authentication failed - skipping authenticated tests">/app/tests/test_artikel_kontrakte.py:690: Authentication failed - skipping authenticated tests</skipped></testcase><testcase classname="tests.test_artikel_kontrakte.TestErrorHandling" name="test_get_nonexistent_kontrakt" time="0.000"><skipped type="pytest.skip" message="Authentication failed - skipping authenticated tests">/app/tests/test_artikel_kontrakte.py:699: Authentication failed - skipping authenticated tests</skipped></testcase><testcase classname="tests.test_artikel_kontrakte.TestErrorHandling" name="test_create_artikel_without_required_field" time="0.000"><skipped type="pytest.skip" message="Authentication failed - skipping authenticated tests">/app/tests/test_artikel_kontrakte.py:708: Authentication failed - skipping authenticated tests</skipped></testcase><testcase classname="tests.test_artikel_kontrakte.TestErrorHandling" name="test_create_kontrakt_without_required_field" time="0.000"><skipped type="pytest.skip" message="Authentication failed - skipping authenticated tests">/app/tests/test_artikel_kontrakte.py:721: Authentication failed - skipping authenticated tests</skipped></testcase></testsuite></testsuites>