<?xml version="1.0" encoding="utf-8"?><testsuites name="pytest tests"><testsuite name="pytest" errors="0" failures="0" skipped="0" tests="20" time="0.989" timestamp="2026-01-09T14:40:50.570154+00:00" hostname="agent-env-ab7d9e52-8678-4964-8456-a7f4fe28eded"><testcase classname="tests.test_steuer_validierung_echo2.TestFirmaInlandOhneUstId" name="test_firma_inland_ohne_ustid_fehler" time="0.138" /><testcase classname="tests.test_steuer_validierung_echo2.TestFirmaInlandMitSonderschalter" name="test_firma_inland_mit_sonderschalter_und_steuernummer_ok" time="0.036" /><testcase classname="tests.test_steuer_validierung_echo2.TestFirmaInlandMitSonderschalter" name="test_firma_inland_mit_sonderschalter_ohne_steuernummer_fehler" time="0.034" /><testcase classname="tests.test_steuer_validierung_echo2.TestFirmaEUOhneUstId" name="test_firma_eu_ohne_ustid_fehler" time="0.043" /><testcase classname="tests.test_steuer_validierung_echo2.TestFirmaEUMitUstId" name="test_firma_eu_mit_ustid_ok" time="0.041" /><testcase classname="tests.test_steuer_validierung_echo2.TestUstLkzMismatch" name="test_ustid_lkz_stimmt_nicht_mit_land_fehler" time="0.041" /><testcase classname="tests.test_steuer_validierung_echo2.TestUstLkzMismatch" name="test_ustid_lkz_austria_in_france_fehler" time="0.034" /><testcase classname="tests.test_steuer_validierung_echo2.TestPrivatInlandOhneAusweis" name="test_privat_inland_ohne_ausweis_oder_steuernummer_fehler" time="0.032" /><testcase classname="tests.test_steuer_validierung_echo2.TestPrivatInlandOhneAusweis" name="test_privat_inland_mit_steuernummer_ok" time="0.037" /><testcase classname="tests.test_steuer_validierung_echo2.TestPrivatInlandOhneAusweis" name="test_privat_inland_mit_ausweis_ok" time="0.047" /><testcase classname="tests.test_steuer_validierung_echo2.TestPrivatAuslandOhneAusweis" name="test_privat_ausland_ohne_ausweis_fehler" time="0.033" /><testcase classname="tests.test_steuer_validierung_echo2.TestPrivatAuslandOhneAusweis" name="test_privat_ausland_mit_ausweis_ok" time="0.035" /><testcase classname="tests.test_steuer_validierung_echo2.TestTeilweiseUstId" name="test_ustid_nur_lkz_fehler" time="0.037" /><testcase classname="tests.test_steuer_validierung_echo2.TestTeilweiseUstId" name="test_ustid_nur_id_fehler" time="0.040" /><testcase classname="tests.test_steuer_validierung_echo2.TestAdresseErstellenMitValidierung" name="test_create_adresse_with_validation_error_rejected" time="0.040" /><testcase classname="tests.test_steuer_validierung_echo2.TestAdresseErstellenMitValidierung" name="test_create_adresse_with_valid_data_ok" time="0.042" /><testcase classname="tests.test_steuer_validierung_echo2.TestSonderschalterLogik" name="test_beide_sonderschalter_gleichzeitig_fehler" time="0.039" /><testcase classname="tests.test_steuer_validierung_echo2.TestSonderschalterLogik" name="test_firma_mit_ustid_und_sonderschalter_fehler" time="0.038" /><testcase classname="tests.test_steuer_validierung_echo2.TestSonderschalterLogik" name="test_privat_mit_firma_sonderschalter_fehler" time="0.033" /><testcase classname="tests.test_steuer_validierung_echo2.TestDefaultSperren" name="test_create_adresse_default_sperren_true" time="0.036" /></testsuite></testsuites>