<?xml version="1.0" encoding="utf-8"?><testsuites name="pytest tests"><testsuite name="pytest" errors="0" failures="0" skipped="0" tests="13" time="1.236" timestamp="2026-01-12T23:42:19.520286+00:00" hostname="agent-env-17bbfe8c-8b7e-4914-b2b8-40a09258280e"><testcase classname="tests.test_streckengeschaeft.TestStreckengeschaeftAPI" name="test_01_create_streckengeschaeft" time="0.056" /><testcase classname="tests.test_streckengeschaeft.TestStreckengeschaeftAPI" name="test_02_get_streckengeschaefte_list" time="0.048" /><testcase classname="tests.test_streckengeschaeft.TestStreckengeschaeftAPI" name="test_03_get_kontrakte_with_strecken_filter" time="0.046" /><testcase classname="tests.test_streckengeschaeft.TestStreckengeschaeftAPI" name="test_04_get_kontrakt_with_strecken_partner" time="0.043" /><testcase classname="tests.test_streckengeschaeft.TestStreckengeschaeftAPI" name="test_05_strecke_aufloesen" time="0.087" /><testcase classname="tests.test_streckengeschaeft.TestStreckenVerknuepfung" name="test_01_create_ek_kontrakt_for_linking" time="0.045" /><testcase classname="tests.test_streckengeschaeft.TestStreckenVerknuepfung" name="test_02_create_vk_kontrakt_for_linking" time="0.045" /><testcase classname="tests.test_streckengeschaeft.TestStreckenVerknuepfung" name="test_03_verknuepfe_kontrakte_zu_strecke" time="0.131" /><testcase classname="tests.test_streckengeschaeft.TestStreckenVerknuepfung" name="test_04_cannot_link_already_linked_kontrakt" time="0.130" /><testcase classname="tests.test_streckengeschaeft.TestStreckenVerknuepfung" name="test_05_cleanup_linked_strecke" time="0.045" /><testcase classname="tests.test_streckengeschaeft.TestStreckengeschaeftValidation" name="test_01_cannot_create_strecke_with_same_partner" time="0.046" /><testcase classname="tests.test_streckengeschaeft.TestStreckengeschaeftValidation" name="test_02_strecke_aufloesen_not_found" time="0.043" /><testcase classname="tests.test_streckengeschaeft.TestKontrakteListWithStrecken" name="test_01_kontrakte_list_shows_strecken_partner" time="0.394" /></testsuite></testsuites>