<?xml version="1.0" encoding="utf-8"?><testsuites name="pytest tests"><testsuite name="pytest" errors="0" failures="0" skipped="0" tests="29" time="2.061" timestamp="2026-01-08T20:56:07.900492+00:00" hostname="agent-env-01451519-df84-48df-aa28-d0f8610d3b3b"><testcase classname="tests.test_backend_api.TestHealthCheck" name="test_health_endpoint" time="0.063" /><testcase classname="tests.test_backend_api.TestAuthentication" name="test_login_success" time="0.041" /><testcase classname="tests.test_backend_api.TestAuthentication" name="test_login_invalid_credentials" time="0.040" /><testcase classname="tests.test_backend_api.TestAuthentication" name="test_login_empty_credentials" time="0.037" /><testcase classname="tests.test_backend_api.TestAuthentication" name="test_auth_me_without_token" time="0.152" /><testcase classname="tests.test_backend_api.TestAuthentication" name="test_auth_me_with_token" time="0.074" /><testcase classname="tests.test_backend_api.TestDashboard" name="test_dashboard_stats_without_auth" time="0.037" /><testcase classname="tests.test_backend_api.TestDashboard" name="test_dashboard_stats_with_auth" time="0.081" /><testcase classname="tests.test_backend_api.TestAdressen" name="test_get_adressen_without_auth" time="0.035" /><testcase classname="tests.test_backend_api.TestAdressen" name="test_get_adressen_with_auth" time="0.076" /><testcase classname="tests.test_backend_api.TestAdressen" name="test_create_adresse" time="0.040" /><testcase classname="tests.test_backend_api.TestAdressen" name="test_search_adressen" time="0.038" /><testcase classname="tests.test_backend_api.TestAdressen" name="test_get_adresse_by_id" time="0.109" /><testcase classname="tests.test_backend_api.TestAdressen" name="test_update_adresse" time="0.114" /><testcase classname="tests.test_backend_api.TestAdressen" name="test_delete_adresse" time="0.113" /><testcase classname="tests.test_backend_api.TestArtikel" name="test_get_artikel_without_auth" time="0.036" /><testcase classname="tests.test_backend_api.TestArtikel" name="test_get_artikel_with_auth" time="0.076" /><testcase classname="tests.test_backend_api.TestArtikel" name="test_create_artikel" time="0.038" /><testcase classname="tests.test_backend_api.TestArtikel" name="test_create_artikel_gefahrgut" time="0.035" /><testcase classname="tests.test_backend_api.TestArtikel" name="test_search_artikel" time="0.077" /><testcase classname="tests.test_backend_api.TestKontrakte" name="test_get_kontrakte_without_auth" time="0.033" /><testcase classname="tests.test_backend_api.TestKontrakte" name="test_get_kontrakte_with_auth" time="0.076" /><testcase classname="tests.test_backend_api.TestKontrakte" name="test_create_einkaufskontrakt" time="0.100" /><testcase classname="tests.test_backend_api.TestKontrakte" name="test_create_verkaufskontrakt" time="0.036" /><testcase classname="tests.test_backend_api.TestKontrakte" name="test_filter_kontrakte_einkauf" time="0.035" /><testcase classname="tests.test_backend_api.TestKontrakte" name="test_filter_kontrakte_verkauf" time="0.038" /><testcase classname="tests.test_backend_api.TestKontrakte" name="test_get_kontrakt_by_id" time="0.067" /><testcase classname="tests.test_backend_api.TestKontrakte" name="test_add_position_to_kontrakt" time="0.076" /><testcase classname="tests.test_backend_api.TestKontrakte" name="test_abschliessen_kontrakt" time="0.151" /></testsuite></testsuites>