<?xml version="1.0" encoding="utf-8"?><testsuites name="pytest tests"><testsuite name="pytest" errors="0" failures="0" skipped="0" tests="16" time="1.215" timestamp="2026-01-09T14:53:52.028384+00:00" hostname="agent-env-ab7d9e52-8678-4964-8456-a7f4fe28eded"><testcase classname="tests.test_bankverbindungen_lieferadressen.TestBankverbindungenLieferadressen" name="test_get_bankverbindungen_empty" time="0.056" /><testcase classname="tests.test_bankverbindungen_lieferadressen.TestBankverbindungenLieferadressen" name="test_post_bankverbindung" time="0.046" /><testcase classname="tests.test_bankverbindungen_lieferadressen.TestBankverbindungenLieferadressen" name="test_get_bankverbindungen_after_add" time="0.087" /><testcase classname="tests.test_bankverbindungen_lieferadressen.TestBankverbindungenLieferadressen" name="test_put_bankverbindung" time="0.088" /><testcase classname="tests.test_bankverbindungen_lieferadressen.TestBankverbindungenLieferadressen" name="test_delete_bankverbindung" time="0.086" /><testcase classname="tests.test_bankverbindungen_lieferadressen.TestBankverbindungenLieferadressen" name="test_bankverbindung_hauptkonto_logic" time="0.133" /><testcase classname="tests.test_bankverbindungen_lieferadressen.TestBankverbindungenLieferadressen" name="test_get_lieferadressen_empty" time="0.043" /><testcase classname="tests.test_bankverbindungen_lieferadressen.TestBankverbindungenLieferadressen" name="test_post_lieferadresse" time="0.045" /><testcase classname="tests.test_bankverbindungen_lieferadressen.TestBankverbindungenLieferadressen" name="test_get_lieferadressen_after_add" time="0.086" /><testcase classname="tests.test_bankverbindungen_lieferadressen.TestBankverbindungenLieferadressen" name="test_put_lieferadresse" time="0.088" /><testcase classname="tests.test_bankverbindungen_lieferadressen.TestBankverbindungenLieferadressen" name="test_delete_lieferadresse" time="0.088" /><testcase classname="tests.test_bankverbindungen_lieferadressen.TestBankverbindungenLieferadressen" name="test_lieferadresse_standard_logic" time="0.134" /><testcase classname="tests.test_bankverbindungen_lieferadressen.TestBankverbindungenLieferadressen" name="test_validation_error_firma_ohne_ustid" time="0.043" /><testcase classname="tests.test_bankverbindungen_lieferadressen.TestBankverbindungenLieferadressen" name="test_validation_error_response_structure" time="0.087" /><testcase classname="tests.test_bankverbindungen_lieferadressen.TestBankverbindungenEdgeCases" name="test_bankverbindung_invalid_adresse" time="0.006" /><testcase classname="tests.test_bankverbindungen_lieferadressen.TestBankverbindungenEdgeCases" name="test_lieferadresse_invalid_adresse" time="0.043" /></testsuite></testsuites>