<?xml version="1.0" encoding="utf-8"?><testsuites name="pytest tests"><testsuite name="pytest" errors="30" failures="0" skipped="0" tests="30" time="0.653" timestamp="2026-01-09T08:00:15.976197+00:00" hostname="agent-env-83bf43b6-658a-437d-9216-71ca8e8c50a7"><testcase classname="tests.test_validation_logic.TestArtikelValidierung" name="test_validate_artikel_endpoint_exists" time="0.066"><error message="failed on setup with &quot;AssertionError: Login failed: {&quot;error&quot;:&quot;Route not found&quot;}&#10;  &#10;assert 404 == 200&#10; +  where 404 = &lt;Response [404]&gt;.status_code&quot;">tests/test_validation_logic.py:32: in auth_token
    assert response.status_code == 200, f"Login failed: {response.text}"
E   AssertionError: Login failed: {"error":"Route not found"}
E     
E   assert 404 == 200
E    +  where 404 = &lt;Response [404]&gt;.status_code</error></testcase><testcase classname="tests.test_validation_logic.TestArtikelValidierung" name="test_artikel_gefahrgut_leergut_kombination_error" time="0.000"><error message="failed on setup with &quot;AssertionError: Login failed: {&quot;error&quot;:&quot;Route not found&quot;}&#10;  &#10;assert 404 == 200&#10; +  where 404 = &lt;Response [404]&gt;.status_code&quot;">tests/test_validation_logic.py:32: in auth_token
    assert response.status_code == 200, f"Login failed: {response.text}"
E   AssertionError: Login failed: {"error":"Route not found"}
E     
E   assert 404 == 200
E    +  where 404 = &lt;Response [404]&gt;.status_code</error></testcase><testcase classname="tests.test_validation_logic.TestArtikelValidierung" name="test_artikel_gefahrgut_dienstleistung_kombination_error" time="0.000"><error message="failed on setup with &quot;AssertionError: Login failed: {&quot;error&quot;:&quot;Route not found&quot;}&#10;  &#10;assert 404 == 200&#10; +  where 404 = &lt;Response [404]&gt;.status_code&quot;">tests/test_validation_logic.py:32: in auth_token
    assert response.status_code == 200, f"Login failed: {response.text}"
E   AssertionError: Login failed: {"error":"Route not found"}
E     
E   assert 404 == 200
E    +  where 404 = &lt;Response [404]&gt;.status_code</error></testcase><testcase classname="tests.test_validation_logic.TestArtikelValidierung" name="test_artikel_produkt_dienstleistung_kombination_error" time="0.000"><error message="failed on setup with &quot;AssertionError: Login failed: {&quot;error&quot;:&quot;Route not found&quot;}&#10;  &#10;assert 404 == 200&#10; +  where 404 = &lt;Response [404]&gt;.status_code&quot;">tests/test_validation_logic.py:32: in auth_token
    assert response.status_code == 200, f"Login failed: {response.text}"
E   AssertionError: Login failed: {"error":"Route not found"}
E     
E   assert 404 == 200
E    +  where 404 = &lt;Response [404]&gt;.status_code</error></testcase><testcase classname="tests.test_validation_logic.TestArtikelValidierung" name="test_artikel_einheit_divisor_gleich_muss_1_sein" time="0.000"><error message="failed on setup with &quot;AssertionError: Login failed: {&quot;error&quot;:&quot;Route not found&quot;}&#10;  &#10;assert 404 == 200&#10; +  where 404 = &lt;Response [404]&gt;.status_code&quot;">tests/test_validation_logic.py:32: in auth_token
    assert response.status_code == 200, f"Login failed: {response.text}"
E   AssertionError: Login failed: {"error":"Route not found"}
E     
E   assert 404 == 200
E    +  where 404 = &lt;Response [404]&gt;.status_code</error></testcase><testcase classname="tests.test_validation_logic.TestArtikelValidierung" name="test_artikel_einheit_divisor_ungleich_darf_nicht_1_sein" time="0.000"><error message="failed on setup with &quot;AssertionError: Login failed: {&quot;error&quot;:&quot;Route not found&quot;}&#10;  &#10;assert 404 == 200&#10; +  where 404 = &lt;Response [404]&gt;.status_code&quot;">tests/test_validation_logic.py:32: in auth_token
    assert response.status_code == 200, f"Login failed: {response.text}"
E   AssertionError: Login failed: {"error":"Route not found"}
E     
E   assert 404 == 200
E    +  where 404 = &lt;Response [404]&gt;.status_code</error></testcase><testcase classname="tests.test_validation_logic.TestArtikelValidierung" name="test_artikel_produkt_mit_avv_code_error" time="0.000"><error message="failed on setup with &quot;AssertionError: Login failed: {&quot;error&quot;:&quot;Route not found&quot;}&#10;  &#10;assert 404 == 200&#10; +  where 404 = &lt;Response [404]&gt;.status_code&quot;">tests/test_validation_logic.py:32: in auth_token
    assert response.status_code == 200, f"Login failed: {response.text}"
E   AssertionError: Login failed: {"error":"Route not found"}
E     
E   assert 404 == 200
E    +  where 404 = &lt;Response [404]&gt;.status_code</error></testcase><testcase classname="tests.test_validation_logic.TestArtikelValidierung" name="test_artikel_rohstoff_ohne_zolltarifnummer_warning" time="0.000"><error message="failed on setup with &quot;AssertionError: Login failed: {&quot;error&quot;:&quot;Route not found&quot;}&#10;  &#10;assert 404 == 200&#10; +  where 404 = &lt;Response [404]&gt;.status_code&quot;">tests/test_validation_logic.py:32: in auth_token
    assert response.status_code == 200, f"Login failed: {response.text}"
E   AssertionError: Login failed: {"error":"Route not found"}
E     
E   assert 404 == 200
E    +  where 404 = &lt;Response [404]&gt;.status_code</error></testcase><testcase classname="tests.test_validation_logic.TestArtikelValidierung" name="test_artikel_valid_configuration" time="0.000"><error message="failed on setup with &quot;AssertionError: Login failed: {&quot;error&quot;:&quot;Route not found&quot;}&#10;  &#10;assert 404 == 200&#10; +  where 404 = &lt;Response [404]&gt;.status_code&quot;">tests/test_validation_logic.py:32: in auth_token
    assert response.status_code == 200, f"Login failed: {response.text}"
E   AssertionError: Login failed: {"error":"Route not found"}
E     
E   assert 404 == 200
E    +  where 404 = &lt;Response [404]&gt;.status_code</error></testcase><testcase classname="tests.test_validation_logic.TestKontraktValidierung" name="test_validate_kontrakt_endpoint_exists" time="0.040"><error message="failed on setup with &quot;AssertionError: Login failed: {&quot;error&quot;:&quot;Route not found&quot;}&#10;  &#10;assert 404 == 200&#10; +  where 404 = &lt;Response [404]&gt;.status_code&quot;">tests/test_validation_logic.py:32: in auth_token
    assert response.status_code == 200, f"Login failed: {response.text}"
E   AssertionError: Login failed: {"error":"Route not found"}
E     
E   assert 404 == 200
E    +  where 404 = &lt;Response [404]&gt;.status_code</error></testcase><testcase classname="tests.test_validation_logic.TestKontraktValidierung" name="test_kontrakt_name1_pflichtfeld_error" time="0.000"><error message="failed on setup with &quot;AssertionError: Login failed: {&quot;error&quot;:&quot;Route not found&quot;}&#10;  &#10;assert 404 == 200&#10; +  where 404 = &lt;Response [404]&gt;.status_code&quot;">tests/test_validation_logic.py:32: in auth_token
    assert response.status_code == 200, f"Login failed: {response.text}"
E   AssertionError: Login failed: {"error":"Route not found"}
E     
E   assert 404 == 200
E    +  where 404 = &lt;Response [404]&gt;.status_code</error></testcase><testcase classname="tests.test_validation_logic.TestKontraktValidierung" name="test_kontrakt_gueltig_bis_vor_von_error" time="0.000"><error message="failed on setup with &quot;AssertionError: Login failed: {&quot;error&quot;:&quot;Route not found&quot;}&#10;  &#10;assert 404 == 200&#10; +  where 404 = &lt;Response [404]&gt;.status_code&quot;">tests/test_validation_logic.py:32: in auth_token
    assert response.status_code == 200, f"Login failed: {response.text}"
E   AssertionError: Login failed: {"error":"Route not found"}
E     
E   assert 404 == 200
E    +  where 404 = &lt;Response [404]&gt;.status_code</error></testcase><testcase classname="tests.test_validation_logic.TestKontraktValidierung" name="test_kontrakt_valid_configuration" time="0.000"><error message="failed on setup with &quot;AssertionError: Login failed: {&quot;error&quot;:&quot;Route not found&quot;}&#10;  &#10;assert 404 == 200&#10; +  where 404 = &lt;Response [404]&gt;.status_code&quot;">tests/test_validation_logic.py:32: in auth_token
    assert response.status_code == 200, f"Login failed: {response.text}"
E   AssertionError: Login failed: {"error":"Route not found"}
E     
E   assert 404 == 200
E    +  where 404 = &lt;Response [404]&gt;.status_code</error></testcase><testcase classname="tests.test_validation_logic.TestFuhreValidierung" name="test_validate_fuhre_endpoint_exists" time="0.038"><error message="failed on setup with &quot;AssertionError: Login failed: {&quot;error&quot;:&quot;Route not found&quot;}&#10;  &#10;assert 404 == 200&#10; +  where 404 = &lt;Response [404]&gt;.status_code&quot;">tests/test_validation_logic.py:32: in auth_token
    assert response.status_code == 200, f"Login failed: {response.text}"
E   AssertionError: Login failed: {"error":"Route not found"}
E     
E   assert 404 == 200
E    +  where 404 = &lt;Response [404]&gt;.status_code</error></testcase><testcase classname="tests.test_validation_logic.TestFuhreValidierung" name="test_fuhre_pflichtfelder_error" time="0.000"><error message="failed on setup with &quot;AssertionError: Login failed: {&quot;error&quot;:&quot;Route not found&quot;}&#10;  &#10;assert 404 == 200&#10; +  where 404 = &lt;Response [404]&gt;.status_code&quot;">tests/test_validation_logic.py:32: in auth_token
    assert response.status_code == 200, f"Login failed: {response.text}"
E   AssertionError: Login failed: {"error":"Route not found"}
E     
E   assert 404 == 200
E    +  where 404 = &lt;Response [404]&gt;.status_code</error></testcase><testcase classname="tests.test_validation_logic.TestFuhreValidierung" name="test_fuhre_anlieferung_vor_abholung_error" time="0.000"><error message="failed on setup with &quot;AssertionError: Login failed: {&quot;error&quot;:&quot;Route not found&quot;}&#10;  &#10;assert 404 == 200&#10; +  where 404 = &lt;Response [404]&gt;.status_code&quot;">tests/test_validation_logic.py:32: in auth_token
    assert response.status_code == 200, f"Login failed: {response.text}"
E   AssertionError: Login failed: {"error":"Route not found"}
E     
E   assert 404 == 200
E    +  where 404 = &lt;Response [404]&gt;.status_code</error></testcase><testcase classname="tests.test_validation_logic.TestFuhreValidierung" name="test_fuhre_mengenabweichung_warning" time="0.000"><error message="failed on setup with &quot;AssertionError: Login failed: {&quot;error&quot;:&quot;Route not found&quot;}&#10;  &#10;assert 404 == 200&#10; +  where 404 = &lt;Response [404]&gt;.status_code&quot;">tests/test_validation_logic.py:32: in auth_token
    assert response.status_code == 200, f"Login failed: {response.text}"
E   AssertionError: Login failed: {"error":"Route not found"}
E     
E   assert 404 == 200
E    +  where 404 = &lt;Response [404]&gt;.status_code</error></testcase><testcase classname="tests.test_validation_logic.TestFuhreValidierung" name="test_fuhre_rohstoff_ohne_avv_error" time="0.000"><error message="failed on setup with &quot;AssertionError: Login failed: {&quot;error&quot;:&quot;Route not found&quot;}&#10;  &#10;assert 404 == 200&#10; +  where 404 = &lt;Response [404]&gt;.status_code&quot;">tests/test_validation_logic.py:32: in auth_token
    assert response.status_code == 200, f"Login failed: {response.text}"
E   AssertionError: Login failed: {"error":"Route not found"}
E     
E   assert 404 == 200
E    +  where 404 = &lt;Response [404]&gt;.status_code</error></testcase><testcase classname="tests.test_validation_logic.TestFuhreStatusWorkflow" name="test_status_offen_to_in_transport_allowed" time="0.036"><error message="failed on setup with &quot;AssertionError: Login failed: {&quot;error&quot;:&quot;Route not found&quot;}&#10;  &#10;assert 404 == 200&#10; +  where 404 = &lt;Response [404]&gt;.status_code&quot;">tests/test_validation_logic.py:32: in auth_token
    assert response.status_code == 200, f"Login failed: {response.text}"
E   AssertionError: Login failed: {"error":"Route not found"}
E     
E   assert 404 == 200
E    +  where 404 = &lt;Response [404]&gt;.status_code</error></testcase><testcase classname="tests.test_validation_logic.TestFuhreStatusWorkflow" name="test_status_in_transport_to_geliefert_allowed" time="0.000"><error message="failed on setup with &quot;AssertionError: Login failed: {&quot;error&quot;:&quot;Route not found&quot;}&#10;  &#10;assert 404 == 200&#10; +  where 404 = &lt;Response [404]&gt;.status_code&quot;">tests/test_validation_logic.py:32: in auth_token
    assert response.status_code == 200, f"Login failed: {response.text}"
E   AssertionError: Login failed: {"error":"Route not found"}
E     
E   assert 404 == 200
E    +  where 404 = &lt;Response [404]&gt;.status_code</error></testcase><testcase classname="tests.test_validation_logic.TestFuhreStatusWorkflow" name="test_status_geliefert_to_abgerechnet_allowed" time="0.000"><error message="failed on setup with &quot;AssertionError: Login failed: {&quot;error&quot;:&quot;Route not found&quot;}&#10;  &#10;assert 404 == 200&#10; +  where 404 = &lt;Response [404]&gt;.status_code&quot;">tests/test_validation_logic.py:32: in auth_token
    assert response.status_code == 200, f"Login failed: {response.text}"
E   AssertionError: Login failed: {"error":"Route not found"}
E     
E   assert 404 == 200
E    +  where 404 = &lt;Response [404]&gt;.status_code</error></testcase><testcase classname="tests.test_validation_logic.TestFuhreStatusWorkflow" name="test_status_abgerechnet_to_offen_not_allowed" time="0.000"><error message="failed on setup with &quot;AssertionError: Login failed: {&quot;error&quot;:&quot;Route not found&quot;}&#10;  &#10;assert 404 == 200&#10; +  where 404 = &lt;Response [404]&gt;.status_code&quot;">tests/test_validation_logic.py:32: in auth_token
    assert response.status_code == 200, f"Login failed: {response.text}"
E   AssertionError: Login failed: {"error":"Route not found"}
E     
E   assert 404 == 200
E    +  where 404 = &lt;Response [404]&gt;.status_code</error></testcase><testcase classname="tests.test_validation_logic.TestSkipValidationParameter" name="test_artikel_create_with_skip_validation" time="0.038"><error message="failed on setup with &quot;AssertionError: Login failed: {&quot;error&quot;:&quot;Route not found&quot;}&#10;  &#10;assert 404 == 200&#10; +  where 404 = &lt;Response [404]&gt;.status_code&quot;">tests/test_validation_logic.py:32: in auth_token
    assert response.status_code == 200, f"Login failed: {response.text}"
E   AssertionError: Login failed: {"error":"Route not found"}
E     
E   assert 404 == 200
E    +  where 404 = &lt;Response [404]&gt;.status_code</error></testcase><testcase classname="tests.test_validation_logic.TestSkipValidationParameter" name="test_artikel_create_without_skip_validation_fails" time="0.000"><error message="failed on setup with &quot;AssertionError: Login failed: {&quot;error&quot;:&quot;Route not found&quot;}&#10;  &#10;assert 404 == 200&#10; +  where 404 = &lt;Response [404]&gt;.status_code&quot;">tests/test_validation_logic.py:32: in auth_token
    assert response.status_code == 200, f"Login failed: {response.text}"
E   AssertionError: Login failed: {"error":"Route not found"}
E     
E   assert 404 == 200
E    +  where 404 = &lt;Response [404]&gt;.status_code</error></testcase><testcase classname="tests.test_validation_logic.TestSkipValidationParameter" name="test_artikel_update_with_skip_validation" time="0.000"><error message="failed on setup with &quot;AssertionError: Login failed: {&quot;error&quot;:&quot;Route not found&quot;}&#10;  &#10;assert 404 == 200&#10; +  where 404 = &lt;Response [404]&gt;.status_code&quot;">tests/test_validation_logic.py:32: in auth_token
    assert response.status_code == 200, f"Login failed: {response.text}"
E   AssertionError: Login failed: {"error":"Route not found"}
E     
E   assert 404 == 200
E    +  where 404 = &lt;Response [404]&gt;.status_code</error></testcase><testcase classname="tests.test_validation_logic.TestSkipValidationParameter" name="test_fuhre_create_with_skip_validation" time="0.000"><error message="failed on setup with &quot;AssertionError: Login failed: {&quot;error&quot;:&quot;Route not found&quot;}&#10;  &#10;assert 404 == 200&#10; +  where 404 = &lt;Response [404]&gt;.status_code&quot;">tests/test_validation_logic.py:32: in auth_token
    assert response.status_code == 200, f"Login failed: {response.text}"
E   AssertionError: Login failed: {"error":"Route not found"}
E     
E   assert 404 == 200
E    +  where 404 = &lt;Response [404]&gt;.status_code</error></testcase><testcase classname="tests.test_validation_logic.TestValidationIntegrationInCRUD" name="test_artikel_create_validates_by_default" time="0.034"><error message="failed on setup with &quot;AssertionError: Login failed: {&quot;error&quot;:&quot;Route not found&quot;}&#10;  &#10;assert 404 == 200&#10; +  where 404 = &lt;Response [404]&gt;.status_code&quot;">tests/test_validation_logic.py:32: in auth_token
    assert response.status_code == 200, f"Login failed: {response.text}"
E   AssertionError: Login failed: {"error":"Route not found"}
E     
E   assert 404 == 200
E    +  where 404 = &lt;Response [404]&gt;.status_code</error></testcase><testcase classname="tests.test_validation_logic.TestValidationIntegrationInCRUD" name="test_artikel_update_validates_by_default" time="0.000"><error message="failed on setup with &quot;AssertionError: Login failed: {&quot;error&quot;:&quot;Route not found&quot;}&#10;  &#10;assert 404 == 200&#10; +  where 404 = &lt;Response [404]&gt;.status_code&quot;">tests/test_validation_logic.py:32: in auth_token
    assert response.status_code == 200, f"Login failed: {response.text}"
E   AssertionError: Login failed: {"error":"Route not found"}
E     
E   assert 404 == 200
E    +  where 404 = &lt;Response [404]&gt;.status_code</error></testcase><testcase classname="tests.test_validation_logic.TestValidationIntegrationInCRUD" name="test_fuhre_create_validates_by_default" time="0.000"><error message="failed on setup with &quot;AssertionError: Login failed: {&quot;error&quot;:&quot;Route not found&quot;}&#10;  &#10;assert 404 == 200&#10; +  where 404 = &lt;Response [404]&gt;.status_code&quot;">tests/test_validation_logic.py:32: in auth_token
    assert response.status_code == 200, f"Login failed: {response.text}"
E   AssertionError: Login failed: {"error":"Route not found"}
E     
E   assert 404 == 200
E    +  where 404 = &lt;Response [404]&gt;.status_code</error></testcase><testcase classname="tests.test_validation_logic.TestValidationIntegrationInCRUD" name="test_fuhre_update_validates_status_transition" time="0.000"><error message="failed on setup with &quot;AssertionError: Login failed: {&quot;error&quot;:&quot;Route not found&quot;}&#10;  &#10;assert 404 == 200&#10; +  where 404 = &lt;Response [404]&gt;.status_code&quot;">tests/test_validation_logic.py:32: in auth_token
    assert response.status_code == 200, f"Login failed: {response.text}"
E   AssertionError: Login failed: {"error":"Route not found"}
E     
E   assert 404 == 200
E    +  where 404 = &lt;Response [404]&gt;.status_code</error></testcase></testsuite></testsuites>