<?xml version="1.0" encoding="utf-8"?><testsuites name="pytest tests"><testsuite name="pytest" errors="0" failures="0" skipped="0" tests="16" time="0.144" timestamp="2026-01-11T11:38:42.087747+00:00" hostname="agent-env-b1147273-c94a-44ec-915a-69e9de719e7b"><testcase classname="tests.test_profil_einstellungen.TestAuthentication" name="test_admin_login" time="0.005" /><testcase classname="tests.test_profil_einstellungen.TestAuthentication" name="test_waage_login" time="0.003" /><testcase classname="tests.test_profil_einstellungen.TestProfilEndpoints" name="test_get_profil_admin" time="0.007" /><testcase classname="tests.test_profil_einstellungen.TestProfilEndpoints" name="test_get_profil_waage" time="0.005" /><testcase classname="tests.test_profil_einstellungen.TestProfilEndpoints" name="test_get_profil_unauthorized" time="0.001" /><testcase classname="tests.test_profil_einstellungen.TestProfilEndpoints" name="test_update_profil_admin" time="0.009" /><testcase classname="tests.test_profil_einstellungen.TestProfilEndpoints" name="test_update_profil_waage" time="0.004" /><testcase classname="tests.test_profil_einstellungen.TestProfilEndpoints" name="test_update_profil_empty_data" time="0.004" /><testcase classname="tests.test_profil_einstellungen.TestPasswortEndpoints" name="test_change_password_wrong_current" time="0.005" /><testcase classname="tests.test_profil_einstellungen.TestPasswortEndpoints" name="test_change_password_success" time="0.010" /><testcase classname="tests.test_profil_einstellungen.TestPasswortEndpoints" name="test_change_password_unauthorized" time="0.001" /><testcase classname="tests.test_profil_einstellungen.TestSystemeinstellungenEndpoints" name="test_get_systemeinstellungen_admin" time="0.005" /><testcase classname="tests.test_profil_einstellungen.TestSystemeinstellungenEndpoints" name="test_get_systemeinstellungen_non_admin" time="0.004" /><testcase classname="tests.test_profil_einstellungen.TestSystemeinstellungenEndpoints" name="test_get_systemeinstellungen_unauthorized" time="0.001" /><testcase classname="tests.test_profil_einstellungen.TestSystemeinstellungenEndpoints" name="test_update_systemeinstellungen_admin" time="0.007" /><testcase classname="tests.test_profil_einstellungen.TestSystemeinstellungenEndpoints" name="test_update_systemeinstellungen_non_admin" time="0.004" /></testsuite></testsuites>