<?xml version="1.0" encoding="utf-8"?><testsuites name="pytest tests"><testsuite name="pytest" errors="0" failures="1" skipped="0" tests="13" time="0.232" timestamp="2026-01-11T14:33:34.890035+00:00" hostname="agent-env-9b8d6f4d-0390-4d0b-be9b-c2f99eea0712"><testcase classname="tests.test_file_upload_import.TestFileAnalyze" name="test_analyze_csv_file" time="0.011"><failure message="AssertionError: assert 1 == '001'">tests/test_file_upload_import.py:112: in test_analyze_csv_file
    assert analysis["preview_rows"][0]["code"] == "001"
E   AssertionError: assert 1 == '001'</failure></testcase><testcase classname="tests.test_file_upload_import.TestFileAnalyze" name="test_analyze_csv_mixed_types" time="0.006" /><testcase classname="tests.test_file_upload_import.TestFileAnalyze" name="test_analyze_csv_non_admin_denied" time="0.005" /><testcase classname="tests.test_file_upload_import.TestFileAnalyze" name="test_analyze_invalid_file_type" time="0.002" /><testcase classname="tests.test_file_upload_import.TestFileAnalyze" name="test_analyze_empty_file" time="0.003" /><testcase classname="tests.test_file_upload_import.TestFileImport" name="test_import_with_merge_strategy" time="0.018" /><testcase classname="tests.test_file_upload_import.TestFileImport" name="test_import_with_replace_strategy" time="0.022" /><testcase classname="tests.test_file_upload_import.TestFileImport" name="test_import_with_append_strategy" time="0.020" /><testcase classname="tests.test_file_upload_import.TestFileImport" name="test_import_data_type_conversion" time="0.015" /><testcase classname="tests.test_file_upload_import.TestFileImport" name="test_import_non_admin_denied" time="0.006" /><testcase classname="tests.test_file_upload_import.TestFileImport" name="test_import_missing_table_name" time="0.006" /><testcase classname="tests.test_file_upload_import.TestReferenceTableSourceType" name="test_file_upload_sets_source_type" time="0.017" /><testcase classname="tests.test_file_upload_import.TestExistingReferenceTable" name="test_existing_metallpreise_table" time="0.005" /></testsuite></testsuites>