<?xml version="1.0" encoding="utf-8"?><testsuites name="pytest tests"><testsuite name="pytest" errors="0" failures="0" skipped="0" tests="22" time="1.541" timestamp="2026-01-11T15:05:53.265362+00:00" hostname="agent-env-9b8d6f4d-0390-4d0b-be9b-c2f99eea0712"><testcase classname="tests.test_field_bindings.TestFieldBindingsFeature" name="test_get_available_modules" time="0.051" /><testcase classname="tests.test_field_bindings.TestFieldBindingsFeature" name="test_get_field_bindings_list" time="0.049" /><testcase classname="tests.test_field_bindings.TestFieldBindingsFeature" name="test_get_field_bindings_filter_by_module" time="0.049" /><testcase classname="tests.test_field_bindings.TestFieldBindingsFeature" name="test_field_binding_lookup_existing" time="0.048" /><testcase classname="tests.test_field_bindings.TestFieldBindingsFeature" name="test_field_binding_lookup_non_existing" time="0.049" /><testcase classname="tests.test_field_bindings.TestFieldBindingsFeature" name="test_reference_select_options" time="0.059" /><testcase classname="tests.test_field_bindings.TestFieldBindingsFeature" name="test_reference_select_with_search" time="0.067" /><testcase classname="tests.test_field_bindings.TestFieldBindingsFeature" name="test_reference_select_no_binding" time="0.048" /><testcase classname="tests.test_field_bindings.TestFieldBindingsFeature" name="test_validate_reference_value_no_binding" time="0.048" /><testcase classname="tests.test_field_bindings.TestFieldBindingsFeature" name="test_validate_reference_value_with_binding" time="0.054" /><testcase classname="tests.test_field_bindings.TestFieldBindingsFeature" name="test_create_field_binding_validation_invalid_module" time="0.048" /><testcase classname="tests.test_field_bindings.TestFieldBindingsFeature" name="test_create_field_binding_validation_invalid_field" time="0.047" /><testcase classname="tests.test_field_bindings.TestFieldBindingsFeature" name="test_create_field_binding_validation_invalid_ref_table" time="0.048" /><testcase classname="tests.test_field_bindings.TestFieldBindingsFeature" name="test_delete_field_binding_not_found" time="0.048" /><testcase classname="tests.test_field_bindings.TestFieldBindingsFeature" name="test_get_reference_tables" time="0.051" /><testcase classname="tests.test_field_bindings.TestFieldBindingsFeature" name="test_full_binding_workflow" time="0.426" /><testcase classname="tests.test_field_bindings.TestFieldBindingsNonAdmin" name="test_non_admin_can_access_field_bindings_list" time="0.046" /><testcase classname="tests.test_field_bindings.TestFieldBindingsNonAdmin" name="test_non_admin_can_access_field_binding_lookup" time="0.046" /><testcase classname="tests.test_field_bindings.TestFieldBindingsNonAdmin" name="test_non_admin_can_access_reference_select" time="0.057" /><testcase classname="tests.test_field_bindings.TestFieldBindingsNonAdmin" name="test_non_admin_cannot_create_binding" time="0.045" /><testcase classname="tests.test_field_bindings.TestFieldBindingsNonAdmin" name="test_non_admin_cannot_delete_binding" time="0.047" /><testcase classname="tests.test_field_bindings.TestFieldBindingsNonAdmin" name="test_non_admin_cannot_access_modules" time="0.047" /></testsuite></testsuites>