<?xml version="1.0" encoding="utf-8"?><testsuites name="pytest tests"><testsuite name="pytest" errors="0" failures="0" skipped="20" tests="20" time="0.245" timestamp="2026-01-12T11:13:30.220210+00:00" hostname="agent-env-3b49577f-9150-47f8-9ed8-4d6bf34a98d8"><testcase classname="tests.test_nummernkreise_kontrakte.TestNummernkreiseAPI" name="test_get_nummernkreise_list" time="0.060"><skipped type="pytest.skip" message="Admin login failed: 404 - {&quot;error&quot;:&quot;Route not found&quot;}">/app/tests/test_nummernkreise_kontrakte.py:74: Admin login failed: 404 - {"error":"Route not found"}</skipped></testcase><testcase classname="tests.test_nummernkreise_kontrakte.TestNummernkreiseAPI" name="test_get_nummernkreise_filtered_by_modul" time="0.000"><skipped type="pytest.skip" message="Admin login failed: 404 - {&quot;error&quot;:&quot;Route not found&quot;}">/app/tests/test_nummernkreise_kontrakte.py:95: Admin login failed: 404 - {"error":"Route not found"}</skipped></testcase><testcase classname="tests.test_nummernkreise_kontrakte.TestNummernkreiseAPI" name="test_initialize_default_nummernkreise" time="0.000"><skipped type="pytest.skip" message="Admin login failed: 404 - {&quot;error&quot;:&quot;Route not found&quot;}">/app/tests/test_nummernkreise_kontrakte.py:110: Admin login failed: 404 - {"error":"Route not found"}</skipped></testcase><testcase classname="tests.test_nummernkreise_kontrakte.TestNummernkreiseAPI" name="test_get_naechste_nummer_preview" time="0.000"><skipped type="pytest.skip" message="Admin login failed: 404 - {&quot;error&quot;:&quot;Route not found&quot;}">/app/tests/test_nummernkreise_kontrakte.py:122: Admin login failed: 404 - {"error":"Route not found"}</skipped></testcase><testcase classname="tests.test_nummernkreise_kontrakte.TestNummernkreiseAPI" name="test_get_naechste_nummer_vk" time="0.000"><skipped type="pytest.skip" message="Admin login failed: 404 - {&quot;error&quot;:&quot;Route not found&quot;}">/app/tests/test_nummernkreise_kontrakte.py:141: Admin login failed: 404 - {"error":"Route not found"}</skipped></testcase><testcase classname="tests.test_nummernkreise_kontrakte.TestNummernkreiseAPI" name="test_get_single_nummernkreis" time="0.000"><skipped type="pytest.skip" message="Admin login failed: 404 - {&quot;error&quot;:&quot;Route not found&quot;}">/app/tests/test_nummernkreise_kontrakte.py:159: Admin login failed: 404 - {"error":"Route not found"}</skipped></testcase><testcase classname="tests.test_nummernkreise_kontrakte.TestNummernkreiseAPI" name="test_update_nummernkreis" time="0.000"><skipped type="pytest.skip" message="Admin login failed: 404 - {&quot;error&quot;:&quot;Route not found&quot;}">/app/tests/test_nummernkreise_kontrakte.py:182: Admin login failed: 404 - {"error":"Route not found"}</skipped></testcase><testcase classname="tests.test_nummernkreise_kontrakte.TestBenutzerLookupAPI" name="test_get_benutzer_lookup" time="0.000"><skipped type="pytest.skip" message="Admin login failed: 404 - {&quot;error&quot;:&quot;Route not found&quot;}">/app/tests/test_nummernkreise_kontrakte.py:222: Admin login failed: 404 - {"error":"Route not found"}</skipped></testcase><testcase classname="tests.test_nummernkreise_kontrakte.TestBenutzerLookupAPI" name="test_benutzer_lookup_has_required_fields" time="0.000"><skipped type="pytest.skip" message="Admin login failed: 404 - {&quot;error&quot;:&quot;Route not found&quot;}">/app/tests/test_nummernkreise_kontrakte.py:242: Admin login failed: 404 - {"error":"Route not found"}</skipped></testcase><testcase classname="tests.test_nummernkreise_kontrakte.TestBenutzerLookupAPI" name="test_benutzer_lookup_with_waage_user" time="0.041"><skipped type="pytest.skip" message="Waage login failed: 404 - {&quot;error&quot;:&quot;Route not found&quot;}">/app/tests/test_nummernkreise_kontrakte.py:260: Waage login failed: 404 - {"error":"Route not found"}</skipped></testcase><testcase classname="tests.test_nummernkreise_kontrakte.TestAdressenLookupAPI" name="test_get_adressen_lookup" time="0.000"><skipped type="pytest.skip" message="Admin login failed: 404 - {&quot;error&quot;:&quot;Route not found&quot;}">/app/tests/test_nummernkreise_kontrakte.py:277: Admin login failed: 404 - {"error":"Route not found"}</skipped></testcase><testcase classname="tests.test_nummernkreise_kontrakte.TestAdressenLookupAPI" name="test_adressen_lookup_with_search" time="0.000"><skipped type="pytest.skip" message="Admin login failed: 404 - {&quot;error&quot;:&quot;Route not found&quot;}">/app/tests/test_nummernkreise_kontrakte.py:297: Admin login failed: 404 - {"error":"Route not found"}</skipped></testcase><testcase classname="tests.test_nummernkreise_kontrakte.TestAdressenLookupAPI" name="test_adressen_lookup_has_required_fields" time="0.000"><skipped type="pytest.skip" message="Admin login failed: 404 - {&quot;error&quot;:&quot;Route not found&quot;}">/app/tests/test_nummernkreise_kontrakte.py:322: Admin login failed: 404 - {"error":"Route not found"}</skipped></testcase><testcase classname="tests.test_nummernkreise_kontrakte.TestAdressenLookupAPI" name="test_adressen_lookup_includes_ansprechpartner" time="0.000"><skipped type="pytest.skip" message="Admin login failed: 404 - {&quot;error&quot;:&quot;Route not found&quot;}">/app/tests/test_nummernkreise_kontrakte.py:346: Admin login failed: 404 - {"error":"Route not found"}</skipped></testcase><testcase classname="tests.test_nummernkreise_kontrakte.TestKontraktWithNummernkreis" name="test_create_ek_kontrakt_auto_nummer" time="0.000"><skipped type="pytest.skip" message="Admin login failed: 404 - {&quot;error&quot;:&quot;Route not found&quot;}">/app/tests/test_nummernkreise_kontrakte.py:369: Admin login failed: 404 - {"error":"Route not found"}</skipped></testcase><testcase classname="tests.test_nummernkreise_kontrakte.TestKontraktWithNummernkreis" name="test_create_vk_kontrakt_auto_nummer" time="0.000"><skipped type="pytest.skip" message="Admin login failed: 404 - {&quot;error&quot;:&quot;Route not found&quot;}">/app/tests/test_nummernkreise_kontrakte.py:397: Admin login failed: 404 - {"error":"Route not found"}</skipped></testcase><testcase classname="tests.test_nummernkreise_kontrakte.TestKontraktWithNummernkreis" name="test_create_kontrakt_with_sachbearbeiter" time="0.000"><skipped type="pytest.skip" message="Admin login failed: 404 - {&quot;error&quot;:&quot;Route not found&quot;}">/app/tests/test_nummernkreise_kontrakte.py:424: Admin login failed: 404 - {"error":"Route not found"}</skipped></testcase><testcase classname="tests.test_nummernkreise_kontrakte.TestKontraktWithNummernkreis" name="test_create_kontrakt_with_vertragspartner" time="0.000"><skipped type="pytest.skip" message="Admin login failed: 404 - {&quot;error&quot;:&quot;Route not found&quot;}">/app/tests/test_nummernkreise_kontrakte.py:462: Admin login failed: 404 - {"error":"Route not found"}</skipped></testcase><testcase classname="tests.test_nummernkreise_kontrakte.TestKontrakteAPI" name="test_get_kontrakte_list" time="0.000"><skipped type="pytest.skip" message="Admin login failed: 404 - {&quot;error&quot;:&quot;Route not found&quot;}">/app/tests/test_nummernkreise_kontrakte.py:512: Admin login failed: 404 - {"error":"Route not found"}</skipped></testcase><testcase classname="tests.test_nummernkreise_kontrakte.TestKontrakteAPI" name="test_get_kontrakte_filtered_by_typ" time="0.000"><skipped type="pytest.skip" message="Admin login failed: 404 - {&quot;error&quot;:&quot;Route not found&quot;}">/app/tests/test_nummernkreise_kontrakte.py:525: Admin login failed: 404 - {"error":"Route not found"}</skipped></testcase></testsuite></testsuites>