<?xml version="1.0" encoding="utf-8"?><testsuites name="pytest tests"><testsuite name="pytest" errors="0" failures="1" skipped="0" tests="19" time="4.216" timestamp="2026-01-08T23:44:01.407834+00:00" hostname="agent-env-a81e18cf-cf76-455f-8713-84467ee80dfe"><testcase classname="tests.test_wiegekarten.TestWiegekartenAPI" name="test_waage_status" time="0.091" /><testcase classname="tests.test_wiegekarten.TestWiegekartenAPI" name="test_waage_lesen_demo" time="0.089" /><testcase classname="tests.test_wiegekarten.TestWiegekartenAPI" name="test_get_wiegekarten_list" time="0.089"><failure message="AssertionError: assert 'pagination' in {'data': [{'adresse_lieferant': 'huh', 'adresse_spedition': None, 'anz_allg': None, 'anz_behaelter': None, ...}], 'limit': 100, 'skip': 0, 'success': True, ...}">tests/test_wiegekarten.py:121: in test_get_wiegekarten_list
    assert "pagination" in data
E   AssertionError: assert 'pagination' in {'data': [{'adresse_lieferant': 'huh', 'adresse_spedition': None, 'anz_allg': None, 'anz_behaelter': None, ...}], 'limit': 100, 'skip': 0, 'success': True, ...}</failure></testcase><testcase classname="tests.test_wiegekarten.TestWiegekartenAPI" name="test_get_wiegekarten_nur_offene" time="0.090" /><testcase classname="tests.test_wiegekarten.TestWiegekartenAPI" name="test_create_wiegekarte_wareneingang" time="0.132" /><testcase classname="tests.test_wiegekarten.TestWiegekartenAPI" name="test_create_wiegekarte_warenausgang" time="0.132" /><testcase classname="tests.test_wiegekarten.TestWiegekartenAPI" name="test_create_wiegekarte_validation_error" time="0.089" /><testcase classname="tests.test_wiegekarten.TestWiegekartenAPI" name="test_get_wiegekarte_by_id" time="0.175" /><testcase classname="tests.test_wiegekarten.TestWiegekartenAPI" name="test_get_wiegekarte_not_found" time="0.089" /><testcase classname="tests.test_wiegekarten.TestWiegekartenAPI" name="test_update_wiegekarte" time="0.175" /><testcase classname="tests.test_wiegekarten.TestWiegekartenAPI" name="test_waegung_1_speichern" time="0.220" /><testcase classname="tests.test_wiegekarten.TestWiegekartenAPI" name="test_waegung_2_speichern_und_netto_berechnung" time="0.348" /><testcase classname="tests.test_wiegekarten.TestWiegekartenAPI" name="test_waegung_manuell" time="0.262" /><testcase classname="tests.test_wiegekarten.TestWiegekartenAPI" name="test_storno_wiegekarte" time="0.346" /><testcase classname="tests.test_wiegekarten.TestWiegekartenAPI" name="test_storno_prevents_edit" time="0.345" /><testcase classname="tests.test_wiegekarten.TestWiegekartenAPI" name="test_storno_prevents_waegung" time="0.347" /><testcase classname="tests.test_wiegekarten.TestWiegekartenAPI" name="test_delete_wiegekarte_ohne_waegung" time="0.305" /><testcase classname="tests.test_wiegekarten.TestWiegekartenAPI" name="test_delete_wiegekarte_mit_waegung_fails" time="0.391" /><testcase classname="tests.test_wiegekarten.TestWiegekartenAPI" name="test_warenausgang_gewichtsberechnung" time="0.387" /></testsuite></testsuites>