<?xml version="1.0" encoding="utf-8"?><testsuites name="pytest tests"><testsuite name="pytest" errors="0" failures="0" skipped="0" tests="24" time="0.191" timestamp="2026-01-09T00:24:11.767041+00:00" hostname="agent-env-83bf43b6-658a-437d-9216-71ca8e8c50a7"><testcase classname="tests.test_artikel_kontrakte.TestArtikelCRUD" name="test_get_artikel_list" time="0.009" /><testcase classname="tests.test_artikel_kontrakte.TestArtikelCRUD" name="test_create_artikel_basic" time="0.003" /><testcase classname="tests.test_artikel_kontrakte.TestArtikelCRUD" name="test_create_artikel_with_all_fields" time="0.002" /><testcase classname="tests.test_artikel_kontrakte.TestArtikelCRUD" name="test_get_artikel_by_id" time="0.004" /><testcase classname="tests.test_artikel_kontrakte.TestArtikelCRUD" name="test_update_artikel" time="0.007" /><testcase classname="tests.test_artikel_kontrakte.TestArtikelCRUD" name="test_delete_artikel_soft_delete" time="0.006" /><testcase classname="tests.test_artikel_kontrakte.TestArtikelCRUD" name="test_search_artikel" time="0.003" /><testcase classname="tests.test_artikel_kontrakte.TestArtikelCRUD" name="test_artikel_gefahrgut_flag" time="0.002" /><testcase classname="tests.test_artikel_kontrakte.TestKontrakteCRUD" name="test_get_kontrakte_list" time="0.003" /><testcase classname="tests.test_artikel_kontrakte.TestKontrakteCRUD" name="test_create_einkaufskontrakt_new_schema" time="0.003" /><testcase classname="tests.test_artikel_kontrakte.TestKontrakteCRUD" name="test_create_verkaufskontrakt_new_schema" time="0.003" /><testcase classname="tests.test_artikel_kontrakte.TestKontrakteCRUD" name="test_create_kontrakt_with_all_fields" time="0.003" /><testcase classname="tests.test_artikel_kontrakte.TestKontrakteCRUD" name="test_get_kontrakt_by_id" time="0.005" /><testcase classname="tests.test_artikel_kontrakte.TestKontrakteCRUD" name="test_update_kontrakt" time="0.007" /><testcase classname="tests.test_artikel_kontrakte.TestKontrakteCRUD" name="test_delete_kontrakt_soft_delete" time="0.007" /><testcase classname="tests.test_artikel_kontrakte.TestKontrakteCRUD" name="test_filter_kontrakte_by_type_ek" time="0.003" /><testcase classname="tests.test_artikel_kontrakte.TestKontrakteCRUD" name="test_filter_kontrakte_by_type_vk" time="0.003" /><testcase classname="tests.test_artikel_kontrakte.TestKontrakteCRUD" name="test_add_position_to_kontrakt" time="0.006" /><testcase classname="tests.test_artikel_kontrakte.TestKontrakteCRUD" name="test_kontrakt_status_transitions" time="0.007" /><testcase classname="tests.test_artikel_kontrakte.TestArtikelKontrakteIntegration" name="test_create_artikel_then_use_in_kontrakt_position" time="0.006" /><testcase classname="tests.test_artikel_kontrakte.TestErrorHandling" name="test_get_nonexistent_artikel" time="0.002" /><testcase classname="tests.test_artikel_kontrakte.TestErrorHandling" name="test_get_nonexistent_kontrakt" time="0.002" /><testcase classname="tests.test_artikel_kontrakte.TestErrorHandling" name="test_create_artikel_without_required_field" time="0.002" /><testcase classname="tests.test_artikel_kontrakte.TestErrorHandling" name="test_create_kontrakt_without_required_field" time="0.002" /></testsuite></testsuites>