<?xml version="1.0" encoding="utf-8"?><testsuites name="pytest tests"><testsuite name="pytest" errors="0" failures="0" skipped="0" tests="19" time="8.286" timestamp="2026-01-08T23:49:22.130478+00:00" hostname="agent-env-a81e18cf-cf76-455f-8713-84467ee80dfe"><testcase classname="tests.test_wiegekarten.TestWiegekartenAPI" name="test_waage_status" time="0.349" /><testcase classname="tests.test_wiegekarten.TestWiegekartenAPI" name="test_waage_lesen_demo" time="0.303" /><testcase classname="tests.test_wiegekarten.TestWiegekartenAPI" name="test_get_wiegekarten_list" time="0.307" /><testcase classname="tests.test_wiegekarten.TestWiegekartenAPI" name="test_get_wiegekarten_nur_offene" time="0.304" /><testcase classname="tests.test_wiegekarten.TestWiegekartenAPI" name="test_create_wiegekarte_wareneingang" time="0.345" /><testcase classname="tests.test_wiegekarten.TestWiegekartenAPI" name="test_create_wiegekarte_warenausgang" time="0.348" /><testcase classname="tests.test_wiegekarten.TestWiegekartenAPI" name="test_create_wiegekarte_validation_error" time="0.301" /><testcase classname="tests.test_wiegekarten.TestWiegekartenAPI" name="test_get_wiegekarte_by_id" time="0.392" /><testcase classname="tests.test_wiegekarten.TestWiegekartenAPI" name="test_get_wiegekarte_not_found" time="0.305" /><testcase classname="tests.test_wiegekarten.TestWiegekartenAPI" name="test_update_wiegekarte" time="0.391" /><testcase classname="tests.test_wiegekarten.TestWiegekartenAPI" name="test_waegung_1_speichern" time="0.433" /><testcase classname="tests.test_wiegekarten.TestWiegekartenAPI" name="test_waegung_2_speichern_und_netto_berechnung" time="0.560" /><testcase classname="tests.test_wiegekarten.TestWiegekartenAPI" name="test_waegung_manuell" time="0.476" /><testcase classname="tests.test_wiegekarten.TestWiegekartenAPI" name="test_storno_wiegekarte" time="0.558" /><testcase classname="tests.test_wiegekarten.TestWiegekartenAPI" name="test_storno_prevents_edit" time="0.562" /><testcase classname="tests.test_wiegekarten.TestWiegekartenAPI" name="test_storno_prevents_waegung" time="0.558" /><testcase classname="tests.test_wiegekarten.TestWiegekartenAPI" name="test_delete_wiegekarte_ohne_waegung" time="0.519" /><testcase classname="tests.test_wiegekarten.TestWiegekartenAPI" name="test_delete_wiegekarte_mit_waegung_fails" time="0.609" /><testcase classname="tests.test_wiegekarten.TestWiegekartenAPI" name="test_warenausgang_gewichtsberechnung" time="0.604" /></testsuite></testsuites>