<?xml version="1.0" encoding="utf-8"?><testsuites name="pytest tests"><testsuite name="pytest" errors="0" failures="2" skipped="0" tests="15" time="0.335" timestamp="2026-01-12T14:12:47.017851+00:00" hostname="agent-env-744d31ed-3627-4468-a4dd-d9276c26c825"><testcase classname="tests.test_kontrakt_positionen.TestArtikelLookup" name="test_artikel_lookup_basic" time="0.010" /><testcase classname="tests.test_kontrakt_positionen.TestArtikelLookup" name="test_artikel_lookup_with_search" time="0.004" /><testcase classname="tests.test_kontrakt_positionen.TestArtikelLookup" name="test_artikel_lookup_with_artikelgruppe_filter" time="0.003" /><testcase classname="tests.test_kontrakt_positionen.TestArtikelLookup" name="test_artikel_lookup_with_gefahrgut_filter" time="0.003" /><testcase classname="tests.test_kontrakt_positionen.TestArtikelLookup" name="test_artikel_lookup_returns_required_fields" time="0.003" /><testcase classname="tests.test_kontrakt_positionen.TestArtikelLookup" name="test_artikel_gruppen_endpoint" time="0.004" /><testcase classname="tests.test_kontrakt_positionen.TestKontraktPositionen" name="test_add_position_to_kontrakt" time="0.020" /><testcase classname="tests.test_kontrakt_positionen.TestKontraktPositionen" name="test_add_multiple_positions" time="0.019"><failure message="assert 1 == 2">tests/test_kontrakt_positionen.py:229: in test_add_multiple_positions
    assert pos2["positionsnummer"] == 2
E   assert 1 == 2</failure></testcase><testcase classname="tests.test_kontrakt_positionen.TestKontraktPositionen" name="test_update_position" time="0.019" /><testcase classname="tests.test_kontrakt_positionen.TestKontraktPositionen" name="test_delete_position" time="0.018" /><testcase classname="tests.test_kontrakt_positionen.TestKontraktPositionen" name="test_kontrakt_summen_calculation" time="0.023" /><testcase classname="tests.test_kontrakt_positionen.TestKontraktWithPositions" name="test_create_kontrakt_with_positions" time="0.005"><failure message="AssertionError: assert 0 == 300&#10; +  where 0 = &lt;built-in method get of dict object at 0xfedfd2542480&gt;('summe_menge')&#10; +    where &lt;built-in method get of dict object at 0xfedfd2542480&gt; = {'anzahl_positionen': 2, 'summe_menge': 0, 'summe_wert': 0, 'summe_wert_fw': 0}.get">tests/test_kontrakt_positionen.py:385: in test_create_kontrakt_with_positions
    assert summen.get("summe_menge") == 300  # 100 + 200
    ^^^^^^^^^^^^^^^^^^^^^^^^^^^^^^^^^^^^^^^
E   AssertionError: assert 0 == 300
E    +  where 0 = &lt;built-in method get of dict object at 0xfedfd2542480&gt;('summe_menge')
E    +    where &lt;built-in method get of dict object at 0xfedfd2542480&gt; = {'anzahl_positionen': 2, 'summe_menge': 0, 'summe_wert': 0, 'summe_wert_fw': 0}.get</failure></testcase><testcase classname="tests.test_kontrakt_positionen.TestKontraktWithPositions" name="test_update_kontrakt_with_positions" time="0.017" /><testcase classname="tests.test_kontrakt_positionen.TestPositionValidation" name="test_position_toleranz_validation" time="0.012" /><testcase classname="tests.test_kontrakt_positionen.TestPositionValidation" name="test_position_gesamtpreis_auto_calculation" time="0.013" /></testsuite></testsuites>