<?xml version="1.0" encoding="utf-8"?><testsuites name="pytest tests"><testsuite name="pytest" errors="0" failures="1" skipped="0" tests="15" time="0.283" timestamp="2026-01-12T14:13:37.046281+00:00" hostname="agent-env-744d31ed-3627-4468-a4dd-d9276c26c825"><testcase classname="tests.test_kontrakt_positionen.TestArtikelLookup" name="test_artikel_lookup_basic" time="0.009" /><testcase classname="tests.test_kontrakt_positionen.TestArtikelLookup" name="test_artikel_lookup_with_search" time="0.004" /><testcase classname="tests.test_kontrakt_positionen.TestArtikelLookup" name="test_artikel_lookup_with_artikelgruppe_filter" time="0.003" /><testcase classname="tests.test_kontrakt_positionen.TestArtikelLookup" name="test_artikel_lookup_with_gefahrgut_filter" time="0.003" /><testcase classname="tests.test_kontrakt_positionen.TestArtikelLookup" name="test_artikel_lookup_returns_required_fields" time="0.003" /><testcase classname="tests.test_kontrakt_positionen.TestArtikelLookup" name="test_artikel_gruppen_endpoint" time="0.003" /><testcase classname="tests.test_kontrakt_positionen.TestKontraktPositionen" name="test_add_position_to_kontrakt" time="0.013" /><testcase classname="tests.test_kontrakt_positionen.TestKontraktPositionen" name="test_add_multiple_positions" time="0.012"><failure message="assert 1 == 2">tests/test_kontrakt_positionen.py:244: in test_add_multiple_positions
    assert pos2["positionsnummer"] == 2
E   assert 1 == 2</failure></testcase><testcase classname="tests.test_kontrakt_positionen.TestKontraktPositionen" name="test_update_position" time="0.021" /><testcase classname="tests.test_kontrakt_positionen.TestKontraktPositionen" name="test_delete_position" time="0.021" /><testcase classname="tests.test_kontrakt_positionen.TestKontraktPositionen" name="test_kontrakt_summen_calculation" time="0.027" /><testcase classname="tests.test_kontrakt_positionen.TestKontraktWithPositions" name="test_create_kontrakt_with_positions" time="0.011" /><testcase classname="tests.test_kontrakt_positionen.TestKontraktWithPositions" name="test_update_kontrakt_with_positions" time="0.021" /><testcase classname="tests.test_kontrakt_positionen.TestPositionValidation" name="test_position_toleranz_validation" time="0.017" /><testcase classname="tests.test_kontrakt_positionen.TestPositionValidation" name="test_position_gesamtpreis_auto_calculation" time="0.015" /></testsuite></testsuites>