<?xml version="1.0" encoding="utf-8"?><testsuites name="pytest tests"><testsuite name="pytest" errors="0" failures="1" skipped="0" tests="32" time="0.315" timestamp="2026-01-09T00:59:13.289054+00:00" hostname="agent-env-83bf43b6-658a-437d-9216-71ca8e8c50a7"><testcase classname="tests.test_fuhren_rechnungen.TestAuth" name="test_login_success" time="0.005" /><testcase classname="tests.test_fuhren_rechnungen.TestFuhrenAPI" name="test_list_fuhren" time="0.006" /><testcase classname="tests.test_fuhren_rechnungen.TestFuhrenAPI" name="test_list_fuhren_with_filter" time="0.003" /><testcase classname="tests.test_fuhren_rechnungen.TestFuhrenAPI" name="test_create_fuhre" time="0.009" /><testcase classname="tests.test_fuhren_rechnungen.TestFuhrenAPI" name="test_get_fuhre_by_id" time="0.006" /><testcase classname="tests.test_fuhren_rechnungen.TestFuhrenAPI" name="test_get_fuhre_not_found" time="0.002" /><testcase classname="tests.test_fuhren_rechnungen.TestFuhrenAPI" name="test_update_fuhre" time="0.008" /><testcase classname="tests.test_fuhren_rechnungen.TestFuhrenAPI" name="test_delete_fuhre_soft_delete" time="0.008" /><testcase classname="tests.test_fuhren_rechnungen.TestFuhrenAPI" name="test_fuhre_status_transitions" time="0.008" /><testcase classname="tests.test_fuhren_rechnungen.TestRechnungenAPI" name="test_list_rechnungen" time="0.005" /><testcase classname="tests.test_fuhren_rechnungen.TestRechnungenAPI" name="test_list_rechnungen_with_type_filter" time="0.003" /><testcase classname="tests.test_fuhren_rechnungen.TestRechnungenAPI" name="test_list_rechnungen_with_status_filter" time="0.003" /><testcase classname="tests.test_fuhren_rechnungen.TestRechnungenAPI" name="test_create_rechnung" time="0.006" /><testcase classname="tests.test_fuhren_rechnungen.TestRechnungenAPI" name="test_create_gutschrift" time="0.003" /><testcase classname="tests.test_fuhren_rechnungen.TestRechnungenAPI" name="test_get_rechnung_by_id" time="0.005" /><testcase classname="tests.test_fuhren_rechnungen.TestRechnungenAPI" name="test_get_rechnung_not_found" time="0.002" /><testcase classname="tests.test_fuhren_rechnungen.TestRechnungenAPI" name="test_update_rechnung" time="0.008" /><testcase classname="tests.test_fuhren_rechnungen.TestRechnungenAPI" name="test_add_position_to_rechnung" time="0.008" /><testcase classname="tests.test_fuhren_rechnungen.TestRechnungenAPI" name="test_rechnung_summen_calculation" time="0.007" /><testcase classname="tests.test_fuhren_rechnungen.TestRechnungenAPI" name="test_delete_rechnung_soft_delete" time="0.007" /><testcase classname="tests.test_fuhren_rechnungen.TestRechnungAusFuhre" name="test_create_rechnung_from_fuhre" time="0.015" /><testcase classname="tests.test_fuhren_rechnungen.TestRechnungAusFuhre" name="test_create_gutschrift_from_fuhre" time="0.006"><failure message="requests.exceptions.JSONDecodeError: Expecting value: line 1 column 1 (char 0)">/root/.venv/lib/python3.11/site-packages/requests/models.py:976: in json
    return complexjson.loads(self.text, **kwargs)
           ^^^^^^^^^^^^^^^^^^^^^^^^^^^^^^^^^^^^^^
/usr/local/lib/python3.11/json/__init__.py:346: in loads
    return _default_decoder.decode(s)
           ^^^^^^^^^^^^^^^^^^^^^^^^^^
/usr/local/lib/python3.11/json/decoder.py:337: in decode
    obj, end = self.raw_decode(s, idx=_w(s, 0).end())
               ^^^^^^^^^^^^^^^^^^^^^^^^^^^^^^^^^^^^^^
/usr/local/lib/python3.11/json/decoder.py:355: in raw_decode
    raise JSONDecodeError("Expecting value", s, err.value) from None
E   json.decoder.JSONDecodeError: Expecting value: line 1 column 1 (char 0)

During handling of the above exception, another exception occurred:
tests/test_fuhren_rechnungen.py:556: in test_create_gutschrift_from_fuhre
    data = gutschrift_response.json()
           ^^^^^^^^^^^^^^^^^^^^^^^^^^
/root/.venv/lib/python3.11/site-packages/requests/models.py:980: in json
    raise RequestsJSONDecodeError(e.msg, e.doc, e.pos)
E   requests.exceptions.JSONDecodeError: Expecting value: line 1 column 1 (char 0)</failure></testcase><testcase classname="tests.test_fuhren_rechnungen.TestFuhrenSidebarSections" name="test_fuhre_has_stammdaten_fields" time="0.007" /><testcase classname="tests.test_fuhren_rechnungen.TestFuhrenSidebarSections" name="test_fuhre_has_lieferant_fields" time="0.004" /><testcase classname="tests.test_fuhren_rechnungen.TestFuhrenSidebarSections" name="test_fuhre_has_abnehmer_fields" time="0.004" /><testcase classname="tests.test_fuhren_rechnungen.TestFuhrenSidebarSections" name="test_fuhre_has_artikel_mengen_fields" time="0.003" /><testcase classname="tests.test_fuhren_rechnungen.TestFuhrenSidebarSections" name="test_fuhre_has_transport_fields" time="0.003" /><testcase classname="tests.test_fuhren_rechnungen.TestRechnungenSidebarSections" name="test_rechnung_has_kopfdaten_fields" time="0.006" /><testcase classname="tests.test_fuhren_rechnungen.TestRechnungenSidebarSections" name="test_rechnung_has_adressat_fields" time="0.004" /><testcase classname="tests.test_fuhren_rechnungen.TestRechnungenSidebarSections" name="test_rechnung_has_termine_fields" time="0.004" /><testcase classname="tests.test_fuhren_rechnungen.TestRechnungenSidebarSections" name="test_rechnung_has_positionen" time="0.004" /><testcase classname="tests.test_fuhren_rechnungen.TestRechnungenSidebarSections" name="test_rechnung_has_summen" time="0.004" /></testsuite></testsuites>